INFO:     Will watch for changes in these directories: ['c:\\Users\\AMD\\sentinel\\desktop-app']
INFO:     Uvicorn running on http://0.0.0.0:8002 (Press CTRL+C to quit)
INFO:     Started reloader process [6304] using WatchFiles
INFO:     Started server process [2360]
INFO:     Waiting for application startup.
INFO:     Application startup complete.
INFO:     127.0.0.1:50294 - "GET /health HTTP/1.1" 200 OK
WARNING:  WatchFiles detected changes in 'src\utils\manage_services.py'. Reloading...
INFO:     127.0.0.1:50611 - "GET /health HTTP/1.1" 200 OK
INFO:     Shutting down
INFO:     Waiting for application shutdown.
INFO:     Application shutdown complete.
INFO:     Finished server process [2360]
WARNING:  WatchFiles detected changes in 'src\utils\manage_services.py'. Reloading...
INFO:     Started server process [17024]
INFO:     Waiting for application startup.
ERROR:    Traceback (most recent call last):
  File "C:\Users\AMD\AppData\Local\Programs\Python\Python311\Lib\asyncio\runners.py", line 118, in run
    return self._loop.run_until_complete(task)
           ^^^^^^^^^^^^^^^^^^^^^^^^^^^^^^^^^^^
  File "C:\Users\AMD\AppData\Local\Programs\Python\Python311\Lib\asyncio\base_events.py", line 654, in run_until_complete
    return future.result()
           ^^^^^^^^^^^^^^^
  File "C:\Users\AMD\AppData\Local\Programs\Python\Python311\Lib\site-packages\uvicorn\server.py", line 78, in serve
    await self.startup(sockets=sockets)
  File "C:\Users\AMD\AppData\Local\Programs\Python\Python311\Lib\site-packages\uvicorn\server.py", line 89, in startup
    await self.lifespan.startup()
  File "C:\Users\AMD\AppData\Local\Programs\Python\Python311\Lib\site-packages\uvicorn\lifespan\on.py", line 54, in startup
    await self.startup_event.wait()
  File "C:\Users\AMD\AppData\Local\Programs\Python\Python311\Lib\asyncio\locks.py", line 213, in wait
    await fut
asyncio.exceptions.CancelledError

During handling of the above exception, another exception occurred:

Traceback (most recent call last):
  File "C:\Users\AMD\AppData\Local\Programs\Python\Python311\Lib\asyncio\runners.py", line 190, in run
    return runner.run(main)
           ^^^^^^^^^^^^^^^^
  File "C:\Users\AMD\AppData\Local\Programs\Python\Python311\Lib\asyncio\runners.py", line 123, in run
    raise KeyboardInterrupt()
KeyboardInterrupt

During handling of the above exception, another exception occurred:

Traceback (most recent call last):
  File "C:\Users\AMD\AppData\Local\Programs\Python\Python311\Lib\site-packages\starlette\routing.py", line 686, in lifespan
    await receive()
  File "C:\Users\AMD\AppData\Local\Programs\Python\Python311\Lib\site-packages\uvicorn\lifespan\on.py", line 137, in receive
    return await self.receive_queue.get()
           ^^^^^^^^^^^^^^^^^^^^^^^^^^^^^^
  File "C:\Users\AMD\AppData\Local\Programs\Python\Python311\Lib\asyncio\queues.py", line 158, in get
    await getter
asyncio.exceptions.CancelledError

Process SpawnProcess-2:
Traceback (most recent call last):
  File "C:\Users\AMD\AppData\Local\Programs\Python\Python311\Lib\asyncio\runners.py", line 118, in run
    return self._loop.run_until_complete(task)
           ^^^^^^^^^^^^^^^^^^^^^^^^^^^^^^^^^^^
  File "C:\Users\AMD\AppData\Local\Programs\Python\Python311\Lib\asyncio\base_events.py", line 654, in run_until_complete
    return future.result()
           ^^^^^^^^^^^^^^^
  File "C:\Users\AMD\AppData\Local\Programs\Python\Python311\Lib\site-packages\uvicorn\server.py", line 78, in serve
    await self.startup(sockets=sockets)
  File "C:\Users\AMD\AppData\Local\Programs\Python\Python311\Lib\site-packages\uvicorn\server.py", line 89, in startup
    await self.lifespan.startup()
  File "C:\Users\AMD\AppData\Local\Programs\Python\Python311\Lib\site-packages\uvicorn\lifespan\on.py", line 54, in startup
    await self.startup_event.wait()
  File "C:\Users\AMD\AppData\Local\Programs\Python\Python311\Lib\asyncio\locks.py", line 213, in wait
    await fut
asyncio.exceptions.CancelledError

During handling of the above exception, another exception occurred:

Traceback (most recent call last):
  File "C:\Users\AMD\AppData\Local\Programs\Python\Python311\Lib\multiprocessing\process.py", line 314, in _bootstrap
    self.run()
  File "C:\Users\AMD\AppData\Local\Programs\Python\Python311\Lib\multiprocessing\process.py", line 108, in run
    self._target(*self._args, **self._kwargs)
  File "C:\Users\AMD\AppData\Local\Programs\Python\Python311\Lib\site-packages\uvicorn\_subprocess.py", line 76, in subprocess_started
    target(sockets=sockets)
  File "C:\Users\AMD\AppData\Local\Programs\Python\Python311\Lib\site-packages\uvicorn\server.py", line 61, in run
    return asyncio.run(self.serve(sockets=sockets))
           ^^^^^^^^^^^^^^^^^^^^^^^^^^^^^^^^^^^^^^^^
  File "C:\Users\AMD\AppData\Local\Programs\Python\Python311\Lib\asyncio\runners.py", line 190, in run
    return runner.run(main)
           ^^^^^^^^^^^^^^^^
  File "C:\Users\AMD\AppData\Local\Programs\Python\Python311\Lib\asyncio\runners.py", line 123, in run
    raise KeyboardInterrupt()
KeyboardInterrupt
INFO:     Started server process [18048]
INFO:     Waiting for application startup.
INFO:     Application startup complete.
INFO:     127.0.0.1:50620 - "GET /health HTTP/1.1" 200 OK
INFO:     127.0.0.1:50642 - "GET /health HTTP/1.1" 200 OK
INFO:     127.0.0.1:50652 - "GET /health HTTP/1.1" 200 OK
INFO:     127.0.0.1:50672 - "GET /health HTTP/1.1" 200 OK
INFO:     127.0.0.1:50682 - "GET /health HTTP/1.1" 200 OK
INFO:     127.0.0.1:50698 - "GET /health HTTP/1.1" 200 OK
INFO:     127.0.0.1:50714 - "GET /health HTTP/1.1" 200 OK
INFO:     127.0.0.1:50744 - "GET /health HTTP/1.1" 200 OK
INFO:     127.0.0.1:50748 - "GET /health HTTP/1.1" 200 OK
INFO:     127.0.0.1:50766 - "GET /health HTTP/1.1" 200 OK
INFO:     127.0.0.1:50783 - "GET /health HTTP/1.1" 200 OK
INFO:     127.0.0.1:50793 - "GET /health HTTP/1.1" 200 OK
INFO:     127.0.0.1:50804 - "GET /health HTTP/1.1" 200 OK
INFO:     127.0.0.1:50815 - "GET /health HTTP/1.1" 200 OK
INFO:     127.0.0.1:50826 - "GET /health HTTP/1.1" 200 OK
INFO:     127.0.0.1:50837 - "GET /health HTTP/1.1" 200 OK
INFO:     127.0.0.1:50847 - "GET /health HTTP/1.1" 200 OK
INFO:     127.0.0.1:50855 - "GET /health HTTP/1.1" 200 OK
INFO:     127.0.0.1:50870 - "GET /health HTTP/1.1" 200 OK
INFO:     127.0.0.1:50884 - "GET /health HTTP/1.1" 200 OK
INFO:     127.0.0.1:50929 - "GET /health HTTP/1.1" 200 OK
INFO:     127.0.0.1:50937 - "GET /health HTTP/1.1" 200 OK
INFO:     127.0.0.1:50960 - "GET /health HTTP/1.1" 200 OK
INFO:     127.0.0.1:50977 - "GET /health HTTP/1.1" 200 OK
INFO:     127.0.0.1:50986 - "GET /health HTTP/1.1" 200 OK
INFO:     127.0.0.1:51000 - "GET /health HTTP/1.1" 200 OK
INFO:     127.0.0.1:51017 - "GET /health HTTP/1.1" 200 OK
INFO:     127.0.0.1:51027 - "GET /health HTTP/1.1" 200 OK
INFO:     127.0.0.1:51036 - "GET /health HTTP/1.1" 200 OK
INFO:     127.0.0.1:51048 - "GET /health HTTP/1.1" 200 OK
WARNING:  WatchFiles detected changes in 'src\core\agent_optimizer.py'. Reloading...
INFO:     127.0.0.1:51072 - "GET /health HTTP/1.1" 200 OK
INFO:     127.0.0.1:51081 - "GET /health HTTP/1.1" 200 OK
INFO:     127.0.0.1:51093 - "GET /health HTTP/1.1" 200 OK
INFO:     127.0.0.1:51110 - "GET /health HTTP/1.1" 200 OK
INFO:     127.0.0.1:51119 - "GET /health HTTP/1.1" 200 OK
INFO:     127.0.0.1:51131 - "GET /health HTTP/1.1" 200 OK
INFO:     127.0.0.1:51141 - "GET /health HTTP/1.1" 200 OK
INFO:     127.0.0.1:51163 - "GET /health HTTP/1.1" 200 OK
INFO:     127.0.0.1:51194 - "GET /health HTTP/1.1" 200 OK
INFO:     127.0.0.1:51215 - "GET /health HTTP/1.1" 200 OK
INFO:     127.0.0.1:51234 - "GET /health HTTP/1.1" 200 OK
INFO:     127.0.0.1:51252 - "GET /health HTTP/1.1" 200 OK
INFO:     127.0.0.1:51283 - "GET /health HTTP/1.1" 200 OK
INFO:     127.0.0.1:51304 - "GET /health HTTP/1.1" 200 OK
INFO:     127.0.0.1:51317 - "GET /health HTTP/1.1" 200 OK
INFO:     127.0.0.1:51331 - "GET /health HTTP/1.1" 200 OK
INFO:     127.0.0.1:51351 - "GET /health HTTP/1.1" 200 OK
INFO:     127.0.0.1:51382 - "GET /health HTTP/1.1" 200 OK
INFO:     127.0.0.1:51413 - "GET /health HTTP/1.1" 200 OK
INFO:     127.0.0.1:51427 - "GET /health HTTP/1.1" 200 OK
INFO:     127.0.0.1:51437 - "GET /health HTTP/1.1" 200 OK
INFO:     127.0.0.1:51448 - "GET /health HTTP/1.1" 200 OK
INFO:     127.0.0.1:51459 - "GET /health HTTP/1.1" 200 OK
INFO:     127.0.0.1:51478 - "GET /health HTTP/1.1" 200 OK
INFO:     127.0.0.1:51491 - "GET /health HTTP/1.1" 200 OK
INFO:     127.0.0.1:51501 - "GET /health HTTP/1.1" 200 OK
INFO:     127.0.0.1:51512 - "GET /health HTTP/1.1" 200 OK
INFO:     127.0.0.1:51528 - "GET /health HTTP/1.1" 200 OK
INFO:     127.0.0.1:51553 - "GET /health HTTP/1.1" 200 OK
INFO:     127.0.0.1:51570 - "GET /health HTTP/1.1" 200 OK
INFO:     127.0.0.1:51587 - "GET /health HTTP/1.1" 200 OK
INFO:     127.0.0.1:51600 - "GET /health HTTP/1.1" 200 OK
INFO:     127.0.0.1:51609 - "GET /health HTTP/1.1" 200 OK
INFO:     127.0.0.1:51629 - "GET /health HTTP/1.1" 200 OK
INFO:     127.0.0.1:51641 - "GET /health HTTP/1.1" 200 OK
INFO:     127.0.0.1:51654 - "GET /health HTTP/1.1" 200 OK
INFO:     127.0.0.1:51665 - "GET /health HTTP/1.1" 200 OK
INFO:     127.0.0.1:51680 - "GET /health HTTP/1.1" 200 OK
INFO:     127.0.0.1:51703 - "GET /health HTTP/1.1" 200 OK
INFO:     127.0.0.1:51715 - "GET /health HTTP/1.1" 200 OK
INFO:     127.0.0.1:51726 - "GET /health HTTP/1.1" 200 OK
INFO:     127.0.0.1:51738 - "GET /health HTTP/1.1" 200 OK
INFO:     127.0.0.1:51754 - "GET /health HTTP/1.1" 200 OK
INFO:     127.0.0.1:51782 - "GET /health HTTP/1.1" 200 OK
INFO:     127.0.0.1:51798 - "GET /health HTTP/1.1" 200 OK
INFO:     127.0.0.1:51810 - "GET /health HTTP/1.1" 200 OK
INFO:     127.0.0.1:51848 - "GET /health HTTP/1.1" 200 OK
INFO:     127.0.0.1:51866 - "GET /health HTTP/1.1" 200 OK
INFO:     127.0.0.1:51897 - "GET /health HTTP/1.1" 200 OK
INFO:     127.0.0.1:51913 - "GET /health HTTP/1.1" 200 OK
INFO:     127.0.0.1:51934 - "GET /health HTTP/1.1" 200 OK
INFO:     127.0.0.1:51945 - "GET /health HTTP/1.1" 200 OK
INFO:     127.0.0.1:51958 - "GET /health HTTP/1.1" 200 OK
INFO:     127.0.0.1:51979 - "GET /health HTTP/1.1" 200 OK
INFO:     127.0.0.1:51990 - "GET /health HTTP/1.1" 200 OK
INFO:     127.0.0.1:52005 - "GET /health HTTP/1.1" 200 OK
INFO:     127.0.0.1:52030 - "GET /health HTTP/1.1" 200 OK
INFO:     127.0.0.1:52047 - "GET /health HTTP/1.1" 200 OK
INFO:     127.0.0.1:52070 - "GET /health HTTP/1.1" 200 OK
INFO:     127.0.0.1:52087 - "GET /health HTTP/1.1" 200 OK
INFO:     127.0.0.1:52117 - "GET /health HTTP/1.1" 200 OK
INFO:     127.0.0.1:52134 - "GET /health HTTP/1.1" 200 OK
INFO:     127.0.0.1:52143 - "GET /health HTTP/1.1" 200 OK
INFO:     127.0.0.1:52177 - "GET /health HTTP/1.1" 200 OK
INFO:     127.0.0.1:52195 - "GET /health HTTP/1.1" 200 OK
INFO:     127.0.0.1:52224 - "GET /health HTTP/1.1" 200 OK
INFO:     127.0.0.1:52235 - "GET /health HTTP/1.1" 200 OK
INFO:     127.0.0.1:52247 - "GET /health HTTP/1.1" 200 OK
INFO:     127.0.0.1:52265 - "GET /health HTTP/1.1" 200 OK
INFO:     127.0.0.1:52280 - "GET /health HTTP/1.1" 200 OK
INFO:     127.0.0.1:52298 - "GET /health HTTP/1.1" 200 OK
INFO:     127.0.0.1:52313 - "GET /health HTTP/1.1" 200 OK
INFO:     127.0.0.1:52325 - "GET /health HTTP/1.1" 200 OK
INFO:     127.0.0.1:52345 - "GET /health HTTP/1.1" 200 OK
INFO:     127.0.0.1:52375 - "GET /health HTTP/1.1" 200 OK
INFO:     127.0.0.1:52387 - "GET /health HTTP/1.1" 200 OK
INFO:     127.0.0.1:52402 - "GET /health HTTP/1.1" 200 OK
INFO:     127.0.0.1:52446 - "GET /health HTTP/1.1" 200 OK
INFO:     127.0.0.1:52470 - "GET /health HTTP/1.1" 200 OK
INFO:     127.0.0.1:52502 - "GET /health HTTP/1.1" 200 OK
INFO:     127.0.0.1:52521 - "GET /health HTTP/1.1" 200 OK
INFO:     127.0.0.1:52558 - "GET /health HTTP/1.1" 200 OK
INFO:     127.0.0.1:52575 - "GET /health HTTP/1.1" 200 OK
INFO:     127.0.0.1:52597 - "GET /health HTTP/1.1" 200 OK
INFO:     127.0.0.1:52620 - "GET /health HTTP/1.1" 200 OK
INFO:     127.0.0.1:52634 - "GET /health HTTP/1.1" 200 OK
INFO:     127.0.0.1:52643 - "GET /health HTTP/1.1" 200 OK
INFO:     127.0.0.1:52655 - "GET /health HTTP/1.1" 200 OK
INFO:     127.0.0.1:52676 - "GET /health HTTP/1.1" 200 OK
INFO:     127.0.0.1:52709 - "GET /health HTTP/1.1" 200 OK
INFO:     127.0.0.1:52721 - "GET /health HTTP/1.1" 200 OK
INFO:     127.0.0.1:52738 - "GET /health HTTP/1.1" 200 OK
INFO:     127.0.0.1:52779 - "GET /health HTTP/1.1" 200 OK
INFO:     127.0.0.1:52799 - "GET /health HTTP/1.1" 200 OK
INFO:     127.0.0.1:52825 - "GET /health HTTP/1.1" 200 OK
INFO:     127.0.0.1:52840 - "GET /health HTTP/1.1" 200 OK
INFO:     Shutting down
INFO:     Waiting for application shutdown.
INFO:     Application shutdown complete.
INFO:     Finished server process [18048]
WARNING:  WatchFiles detected changes in 'ai_agent_optimizer.py', 'src\core\agent_optimizer.py', 'run_optimization_suite.py', 'src\agents\advanced_agents.py', 'src\utils\self_learning_module.py', 'src\utils\phoenix_protocol.py', 'src\utils\synapse_logging.py', 'src\utils\guardian_protocol.py', 'run_supercharged_optimization.py', 'src\core\cognitive_forge_engine.py', 'run_comprehensive_optimization.py', 'src\core\supercharged_agent_optimizer.py'. Reloading...
INFO:     Started server process [20348]
INFO:     Waiting for application startup.
ERROR:    Traceback (most recent call last):
  File "C:\Users\AMD\AppData\Local\Programs\Python\Python311\Lib\asyncio\runners.py", line 118, in run
    return self._loop.run_until_complete(task)
           ^^^^^^^^^^^^^^^^^^^^^^^^^^^^^^^^^^^
  File "C:\Users\AMD\AppData\Local\Programs\Python\Python311\Lib\asyncio\base_events.py", line 654, in run_until_complete
    return future.result()
           ^^^^^^^^^^^^^^^
  File "C:\Users\AMD\AppData\Local\Programs\Python\Python311\Lib\site-packages\uvicorn\server.py", line 78, in serve
    await self.startup(sockets=sockets)
  File "C:\Users\AMD\AppData\Local\Programs\Python\Python311\Lib\site-packages\uvicorn\server.py", line 89, in startup
    await self.lifespan.startup()
  File "C:\Users\AMD\AppData\Local\Programs\Python\Python311\Lib\site-packages\uvicorn\lifespan\on.py", line 54, in startup
    await self.startup_event.wait()
  File "C:\Users\AMD\AppData\Local\Programs\Python\Python311\Lib\asyncio\locks.py", line 213, in wait
    await fut
asyncio.exceptions.CancelledError

During handling of the above exception, another exception occurred:

Traceback (most recent call last):
  File "C:\Users\AMD\AppData\Local\Programs\Python\Python311\Lib\asyncio\runners.py", line 190, in run
    return runner.run(main)
           ^^^^^^^^^^^^^^^^
  File "C:\Users\AMD\AppData\Local\Programs\Python\Python311\Lib\asyncio\runners.py", line 123, in run
    raise KeyboardInterrupt()
KeyboardInterrupt

During handling of the above exception, another exception occurred:

Traceback (most recent call last):
  File "C:\Users\AMD\AppData\Local\Programs\Python\Python311\Lib\site-packages\starlette\routing.py", line 686, in lifespan
    await receive()
  File "C:\Users\AMD\AppData\Local\Programs\Python\Python311\Lib\site-packages\uvicorn\lifespan\on.py", line 137, in receive
    return await self.receive_queue.get()
           ^^^^^^^^^^^^^^^^^^^^^^^^^^^^^^
  File "C:\Users\AMD\AppData\Local\Programs\Python\Python311\Lib\asyncio\queues.py", line 158, in get
    await getter
asyncio.exceptions.CancelledError

Process SpawnProcess-4:
Traceback (most recent call last):
  File "C:\Users\AMD\AppData\Local\Programs\Python\Python311\Lib\asyncio\runners.py", line 118, in run
    return self._loop.run_until_complete(task)
           ^^^^^^^^^^^^^^^^^^^^^^^^^^^^^^^^^^^
  File "C:\Users\AMD\AppData\Local\Programs\Python\Python311\Lib\asyncio\base_events.py", line 654, in run_until_complete
    return future.result()
           ^^^^^^^^^^^^^^^
  File "C:\Users\AMD\AppData\Local\Programs\Python\Python311\Lib\site-packages\uvicorn\server.py", line 78, in serve
    await self.startup(sockets=sockets)
  File "C:\Users\AMD\AppData\Local\Programs\Python\Python311\Lib\site-packages\uvicorn\server.py", line 89, in startup
    await self.lifespan.startup()
  File "C:\Users\AMD\AppData\Local\Programs\Python\Python311\Lib\site-packages\uvicorn\lifespan\on.py", line 54, in startup
    await self.startup_event.wait()
  File "C:\Users\AMD\AppData\Local\Programs\Python\Python311\Lib\asyncio\locks.py", line 213, in wait
    await fut
asyncio.exceptions.CancelledError

During handling of the above exception, another exception occurred:

Traceback (most recent call last):
  File "C:\Users\AMD\AppData\Local\Programs\Python\Python311\Lib\multiprocessing\process.py", line 314, in _bootstrap
    self.run()
  File "C:\Users\AMD\AppData\Local\Programs\Python\Python311\Lib\multiprocessing\process.py", line 108, in run
    self._target(*self._args, **self._kwargs)
  File "C:\Users\AMD\AppData\Local\Programs\Python\Python311\Lib\site-packages\uvicorn\_subprocess.py", line 76, in subprocess_started
    target(sockets=sockets)
  File "C:\Users\AMD\AppData\Local\Programs\Python\Python311\Lib\site-packages\uvicorn\server.py", line 61, in run
    return asyncio.run(self.serve(sockets=sockets))
           ^^^^^^^^^^^^^^^^^^^^^^^^^^^^^^^^^^^^^^^^
  File "C:\Users\AMD\AppData\Local\Programs\Python\Python311\Lib\asyncio\runners.py", line 190, in run
    return runner.run(main)
           ^^^^^^^^^^^^^^^^
  File "C:\Users\AMD\AppData\Local\Programs\Python\Python311\Lib\asyncio\runners.py", line 123, in run
    raise KeyboardInterrupt()
KeyboardInterrupt
INFO:     Started server process [10236]
INFO:     Waiting for application startup.
INFO:     Application startup complete.
WARNING:  WatchFiles detected changes in 'src\cognitive_engine.py'. Reloading...
INFO:     Shutting down
INFO:     Waiting for application shutdown.
INFO:     Application shutdown complete.
INFO:     Finished server process [10236]
ERROR:    Error loading ASGI app. Could not import module "src.cognitive_engine".
WARNING:  WatchFiles detected changes in 'debug_agent_creation.py', 'run_agent_optimization.py', 'run_optimization_suite.py', 'comprehensive_test_suite.py', 'run_comprehensive_optimization.py', 'test_upgraded_system.py', 'test_sentinel.py', 'check_single_mission.py', 'test_optimization_simple.py', 'test_api_direct.py', 'simple_tool_test.py', 'test_new_tools.py', 'ai_agent_optimizer.py', 'src\core\agent_optimizer.py', 'run_supercharged_optimization.py', 'test_simple_agent.py', 'manual_agent_test.py', 'verify_agent_results.py', 'test_mission_details.py', 'check_mission_results.py', 'test_ai_planning.py', 'test_agent_deployment.py', 'debug_mission_data.py'. Reloading...
ERROR:    Error loading ASGI app. Could not import module "src.cognitive_engine".
WARNING:  WatchFiles detected changes in 'advanced_logging_config.py', 'run_comprehensive_tests.py', 'ai_agent_testing.py'. Reloading...
ERROR:    Error loading ASGI app. Could not import module "src.cognitive_engine".
WARNING:  WatchFiles detected changes in 'agent_self_learning.py', 'live_agent_monitor.py'. Reloading...
ERROR:    Error loading ASGI app. Could not import module "src.cognitive_engine".
WARNING:  WatchFiles detected changes in 'fix_postgresql_sequence.py', 'fix_mission_data.py', 'backend_fix_script.py', 'fix_mission_id_simple.py', 'fix_manage_services.py', 'check_table_structure.py', 'fix_unicode_issues.py', 'fix_unicode.py', 'fix_database_schema.py', 'fix_mission_id_autoincrement.py', 'migrate_database_simple.py', 'migrate_database.py', 'init_database_simple.py', 'init_database.py'. Reloading...
ERROR:    Error loading ASGI app. Could not import module "src.cognitive_engine".
WARNING:  WatchFiles detected changes in 'start_unified_services.py', 'start_desktop_app.py', 'start_cognitive_forge.py'. Reloading...
ERROR:    Error loading ASGI app. Could not import module "src.cognitive_engine".
WARNING:  WatchFiles detected changes in 'src\core\supercharged_agent_optimizer.py'. Reloading...
ERROR:    Error loading ASGI app. Could not import module "src.cognitive_engine".
WARNING:  WatchFiles detected changes in 'src\core\agent_logic.py'. Reloading...
ERROR:    Error loading ASGI app. Could not import module "src.cognitive_engine".
WARNING:  WatchFiles detected changes in 'start_sentinel.py', 'scripts\start_sentinel.py'. Reloading...
ERROR:    Error loading ASGI app. Could not import module "src.cognitive_engine".
WARNING:  WatchFiles detected changes in 'src\models\db.py'. Reloading...
ERROR:    Error loading ASGI app. Could not import module "src.cognitive_engine".
WARNING:  WatchFiles detected changes in 'src\tools\crewai_tools.py'. Reloading...
ERROR:    Error loading ASGI app. Could not import module "src.cognitive_engine".
WARNING:  WatchFiles detected changes in 'src\agents\advanced_agents.py'. Reloading...
ERROR:    Error loading ASGI app. Could not import module "src.cognitive_engine".
WARNING:  WatchFiles detected changes in 'src\agents\advanced_agents.py'. Reloading...
ERROR:    Error loading ASGI app. Could not import module "src.cognitive_engine".
WARNING:  WatchFiles detected changes in 'src\core\blueprint_tasks.py'. Reloading...
ERROR:    Error loading ASGI app. Could not import module "src.cognitive_engine".
WARNING:  WatchFiles detected changes in 'src\core\blueprint_tasks.py'. Reloading...
ERROR:    Error loading ASGI app. Could not import module "src.cognitive_engine".
WARNING:  WatchFiles detected changes in 'src\core\blueprint_tasks.py'. Reloading...
ERROR:    Error loading ASGI app. Could not import module "src.cognitive_engine".
WARNING:  WatchFiles detected changes in 'src\core\cognitive_forge_engine.py'. Reloading...
ERROR:    Error loading ASGI app. Could not import module "src.cognitive_engine".
WARNING:  WatchFiles detected changes in 'src\core\cognitive_forge_engine.py'. Reloading...
ERROR:    Error loading ASGI app. Could not import module "src.cognitive_engine".
WARNING:  WatchFiles detected changes in 'src\core\cognitive_forge_engine.py'. Reloading...
ERROR:    Error loading ASGI app. Could not import module "src.cognitive_engine".
WARNING:  WatchFiles detected changes in 'src\core\cognitive_forge_engine.py'. Reloading...
ERROR:    Error loading ASGI app. Could not import module "src.cognitive_engine".
WARNING:  WatchFiles detected changes in 'src\core\cognitive_forge_engine.py'. Reloading...
ERROR:    Error loading ASGI app. Could not import module "src.cognitive_engine".
WARNING:  WatchFiles detected changes in 'src\core\cognitive_forge_engine.py'. Reloading...
ERROR:    Error loading ASGI app. Could not import module "src.cognitive_engine".
WARNING:  WatchFiles detected changes in 'src\core\cognitive_forge_engine.py'. Reloading...
ERROR:    Error loading ASGI app. Could not import module "src.cognitive_engine".
WARNING:  WatchFiles detected changes in 'src\core\cognitive_forge_engine.py'. Reloading...
ERROR:    Error loading ASGI app. Could not import module "src.cognitive_engine".
WARNING:  WatchFiles detected changes in 'src\core\cognitive_forge_engine.py'. Reloading...
ERROR:    Error loading ASGI app. Could not import module "src.cognitive_engine".
WARNING:  WatchFiles detected changes in 'src\core\cognitive_forge_engine.py'. Reloading...
ERROR:    Error loading ASGI app. Could not import module "src.cognitive_engine".
WARNING:  WatchFiles detected changes in 'src\core\cognitive_forge_engine.py'. Reloading...
ERROR:    Error loading ASGI app. Could not import module "src.cognitive_engine".
WARNING:  WatchFiles detected changes in 'src\core\cognitive_forge_engine.py'. Reloading...
ERROR:    Error loading ASGI app. Could not import module "src.cognitive_engine".
WARNING:  WatchFiles detected changes in 'test_prompt_optimization.py'. Reloading...
ERROR:    Error loading ASGI app. Could not import module "src.cognitive_engine".
WARNING:  WatchFiles detected changes in 'test_prompt_optimization.py'. Reloading...
ERROR:    Error loading ASGI app. Could not import module "src.cognitive_engine".
WARNING:  WatchFiles detected changes in 'test_prompt_optimization.py'. Reloading...
ERROR:    Error loading ASGI app. Could not import module "src.cognitive_engine".
WARNING:  WatchFiles detected changes in 'SYSTEM_OPTIMIZATION_HUB.py'. Reloading...
ERROR:    Error loading ASGI app. Could not import module "src.cognitive_engine".
WARNING:  WatchFiles detected changes in 'SYSTEM_OPTIMIZATION_HUB.py'. Reloading...
WARNING:  WatchFiles detected changes in 'SYSTEM_OPTIMIZATION_HUB.py'. Reloading...
ERROR:    Error loading ASGI app. Could not import module "src.cognitive_engine".
ERROR:    Error loading ASGI app. Could not import module "src.cognitive_engine".
WARNING:  WatchFiles detected changes in 'src\core\cognitive_forge_engine.py'. Reloading...
ERROR:    Error loading ASGI app. Could not import module "src.cognitive_engine".
WARNING:  WatchFiles detected changes in 'src\core\cognitive_forge_engine.py'. Reloading...
ERROR:    Error loading ASGI app. Could not import module "src.cognitive_engine".
WARNING:  WatchFiles detected changes in 'src\core\cognitive_forge_engine.py'. Reloading...
ERROR:    Error loading ASGI app. Could not import module "src.cognitive_engine".
WARNING:  WatchFiles detected changes in 'SYSTEM_OPTIMIZATION_HUB.py'. Reloading...
ERROR:    Error loading ASGI app. Could not import module "src.cognitive_engine".
WARNING:  WatchFiles detected changes in 'COMPREHENSIVE_SYSTEM_TEST.py'. Reloading...
ERROR:    Error loading ASGI app. Could not import module "src.cognitive_engine".
WARNING:  WatchFiles detected changes in 'COMPREHENSIVE_SYSTEM_TEST.py'. Reloading...
ERROR:    Error loading ASGI app. Could not import module "src.cognitive_engine".
WARNING:  WatchFiles detected changes in 'COMPREHENSIVE_SYSTEM_TEST.py'. Reloading...
ERROR:    Error loading ASGI app. Could not import module "src.cognitive_engine".
WARNING:  WatchFiles detected changes in 'run_optimization_tests.py'. Reloading...
ERROR:    Error loading ASGI app. Could not import module "src.cognitive_engine".
WARNING:  WatchFiles detected changes in 'run_optimization_tests.py'. Reloading...
ERROR:    Error loading ASGI app. Could not import module "src.cognitive_engine".
WARNING:  WatchFiles detected changes in 'run_optimization_tests.py'. Reloading...
ERROR:    Error loading ASGI app. Could not import module "src.cognitive_engine".
WARNING:  WatchFiles detected changes in 'src\core\cognitive_forge_engine.py'. Reloading...
ERROR:    Error loading ASGI app. Could not import module "src.cognitive_engine".
WARNING:  WatchFiles detected changes in 'src\core\cognitive_forge_engine.py'. Reloading...
ERROR:    Error loading ASGI app. Could not import module "src.cognitive_engine".
WARNING:  WatchFiles detected changes in 'SYSTEM_OPTIMIZATION_HUB.py'. Reloading...
ERROR:    Error loading ASGI app. Could not import module "src.cognitive_engine".
WARNING:  WatchFiles detected changes in 'SYSTEM_OPTIMIZATION_HUB.py'. Reloading...
ERROR:    Error loading ASGI app. Could not import module "src.cognitive_engine".
WARNING:  WatchFiles detected changes in 'scripts\fix_database_schema.py'. Reloading...
ERROR:    Error loading ASGI app. Could not import module "src.cognitive_engine".
WARNING:  WatchFiles detected changes in 'scripts\fix_database_schema.py'. Reloading...
ERROR:    Error loading ASGI app. Could not import module "src.cognitive_engine".
WARNING:  WatchFiles detected changes in 'scripts\fix_database_schema.py'. Reloading...
ERROR:    Error loading ASGI app. Could not import module "src.cognitive_engine".
WARNING:  WatchFiles detected changes in 'scripts\manage_services.py'. Reloading...
ERROR:    Error loading ASGI app. Could not import module "src.cognitive_engine".
WARNING:  WatchFiles detected changes in 'scripts\integration_test.py'. Reloading...
ERROR:    Error loading ASGI app. Could not import module "src.cognitive_engine".
WARNING:  WatchFiles detected changes in 'Fix-AI.py'. Reloading...
ERROR:    Error loading ASGI app. Could not import module "src.cognitive_engine".
WARNING:  WatchFiles detected changes in 'SYSTEM_OPTIMIZATION_HUB.py'. Reloading...
ERROR:    Error loading ASGI app. Could not import module "src.cognitive_engine".
WARNING:  WatchFiles detected changes in 'SYSTEM_OPTIMIZATION_HUB.py'. Reloading...
ERROR:    Error loading ASGI app. Could not import module "src.cognitive_engine".
WARNING:  WatchFiles detected changes in 'SYSTEM_OPTIMIZATION_HUB.py'. Reloading...
ERROR:    Error loading ASGI app. Could not import module "src.cognitive_engine".
WARNING:  WatchFiles detected changes in 'SYSTEM_OPTIMIZATION_HUB.py'. Reloading...
ERROR:    Error loading ASGI app. Could not import module "src.cognitive_engine".
WARNING:  WatchFiles detected changes in 'SYSTEM_OPTIMIZATION_HUB.py'. Reloading...
ERROR:    Error loading ASGI app. Could not import module "src.cognitive_engine".
WARNING:  WatchFiles detected changes in 'Fix-AI.py'. Reloading...
ERROR:    Error loading ASGI app. Could not import module "src.cognitive_engine".
WARNING:  WatchFiles detected changes in 'Fix-AI.py'. Reloading...
ERROR:    Error loading ASGI app. Could not import module "src.cognitive_engine".
WARNING:  WatchFiles detected changes in 'Fix-AI.py'. Reloading...
ERROR:    Error loading ASGI app. Could not import module "src.cognitive_engine".
WARNING:  WatchFiles detected changes in 'src\utils\weave_observability.py'. Reloading...
ERROR:    Error loading ASGI app. Could not import module "src.cognitive_engine".
WARNING:  WatchFiles detected changes in 'src\utils\weave_observability.py'. Reloading...
ERROR:    Error loading ASGI app. Could not import module "src.cognitive_engine".
WARNING:  WatchFiles detected changes in 'src\utils\weave_observability.py'. Reloading...
ERROR:    Error loading ASGI app. Could not import module "src.cognitive_engine".
WARNING:  WatchFiles detected changes in 'src\utils\weave_enhanced_fix_ai.py'. Reloading...
ERROR:    Error loading ASGI app. Could not import module "src.cognitive_engine".
WARNING:  WatchFiles detected changes in 'src\utils\weave_enhanced_fix_ai.py'. Reloading...
ERROR:    Error loading ASGI app. Could not import module "src.cognitive_engine".
WARNING:  WatchFiles detected changes in 'src\utils\weave_enhanced_fix_ai.py'. Reloading...
ERROR:    Error loading ASGI app. Could not import module "src.cognitive_engine".
WARNING:  WatchFiles detected changes in 'SYSTEM_OPTIMIZATION_HUB.py'. Reloading...
ERROR:    Error loading ASGI app. Could not import module "src.cognitive_engine".
WARNING:  WatchFiles detected changes in 'fix_ai.py', 'Fix-AI.py'. Reloading...
ERROR:    Error loading ASGI app. Could not import module "src.cognitive_engine".
WARNING:  WatchFiles detected changes in 'COMPREHENSIVE_SYSTEM_TEST.py'. Reloading...
ERROR:    Error loading ASGI app. Could not import module "src.cognitive_engine".
WARNING:  WatchFiles detected changes in 'system_optimization_hub.py'. Reloading...
ERROR:    Error loading ASGI app. Could not import module "src.cognitive_engine".
WARNING:  WatchFiles detected changes in 'system_optimization_hub.py'. Reloading...
ERROR:    Error loading ASGI app. Could not import module "src.cognitive_engine".
WARNING:  WatchFiles detected changes in 'system_optimization_hub.py'. Reloading...
ERROR:    Error loading ASGI app. Could not import module "src.cognitive_engine".
WARNING:  WatchFiles detected changes in 'system_optimization_hub.py'. Reloading...
ERROR:    Error loading ASGI app. Could not import module "src.cognitive_engine".
WARNING:  WatchFiles detected changes in 'system_optimization_hub.py'. Reloading...
ERROR:    Error loading ASGI app. Could not import module "src.cognitive_engine".
WARNING:  WatchFiles detected changes in 'system_optimization_hub.py'. Reloading...
ERROR:    Error loading ASGI app. Could not import module "src.cognitive_engine".
WARNING:  WatchFiles detected changes in 'system_optimization_hub.py'. Reloading...
ERROR:    Error loading ASGI app. Could not import module "src.cognitive_engine".
WARNING:  WatchFiles detected changes in 'test_performance_demo.py'. Reloading...
ERROR:    Error loading ASGI app. Could not import module "src.cognitive_engine".
WARNING:  WatchFiles detected changes in 'test_performance_demo.py'. Reloading...
ERROR:    Error loading ASGI app. Could not import module "src.cognitive_engine".
WARNING:  WatchFiles detected changes in 'test_performance_demo.py'. Reloading...
ERROR:    Error loading ASGI app. Could not import module "src.cognitive_engine".
WARNING:  WatchFiles detected changes in 'src\utils\fix_ai.py', 'src\utils\weave_enhanced_fix_ai.py'. Reloading...
ERROR:    Error loading ASGI app. Could not import module "src.cognitive_engine".
WARNING:  WatchFiles detected changes in 'system_optimization_hub.py'. Reloading...
ERROR:    Error loading ASGI app. Could not import module "src.cognitive_engine".
WARNING:  WatchFiles detected changes in 'system_optimization_hub.py'. Reloading...
ERROR:    Error loading ASGI app. Could not import module "src.cognitive_engine".
WARNING:  WatchFiles detected changes in 'system_optimization_hub.py'. Reloading...
ERROR:    Error loading ASGI app. Could not import module "src.cognitive_engine".
WARNING:  WatchFiles detected changes in 'system_optimization_hub.py'. Reloading...
ERROR:    Error loading ASGI app. Could not import module "src.cognitive_engine".
WARNING:  WatchFiles detected changes in 'fix_ai.py'. Reloading...
ERROR:    Error loading ASGI app. Could not import module "src.cognitive_engine".
WARNING:  WatchFiles detected changes in 'src\utils\fix_ai.py'. Reloading...
ERROR:    Error loading ASGI app. Could not import module "src.cognitive_engine".
WARNING:  WatchFiles detected changes in 'src\utils\fix_ai.py'. Reloading...
ERROR:    Error loading ASGI app. Could not import module "src.cognitive_engine".
WARNING:  WatchFiles detected changes in 'test_weave_integration.py'. Reloading...
Traceback (most recent call last):
  File "<string>", line 1, in <module>
  File "C:\Users\AMD\AppData\Local\Programs\Python\Python311\Lib\multiprocessing\spawn.py", line 122, in spawn_main
    exitcode = _main(fd, parent_sentinel)
               ^^^^^^^^^^^^^^^^^^^^^^^^^^
  File "C:\Users\AMD\AppData\Local\Programs\Python\Python311\Lib\multiprocessing\spawn.py", line 132, in _main
    self = reduction.pickle.load(from_parent)
           ^^^^^^^^^^^^^^^^^^^^^^^^^^^^^^^^^^
ModuleNotFoundError: No module named 'uvicorn'
WARNING:  WatchFiles detected changes in 'test_weave_integration.py'. Reloading...
Traceback (most recent call last):
  File "<string>", line 1, in <module>
  File "C:\Users\AMD\AppData\Local\Programs\Python\Python311\Lib\multiprocessing\spawn.py", line 122, in spawn_main
    exitcode = _main(fd, parent_sentinel)
               ^^^^^^^^^^^^^^^^^^^^^^^^^^
  File "C:\Users\AMD\AppData\Local\Programs\Python\Python311\Lib\multiprocessing\spawn.py", line 132, in _main
    self = reduction.pickle.load(from_parent)
           ^^^^^^^^^^^^^^^^^^^^^^^^^^^^^^^^^^
ModuleNotFoundError: No module named 'uvicorn'
WARNING:  WatchFiles detected changes in 'test_weave_integration.py'. Reloading...
Traceback (most recent call last):
  File "<string>", line 1, in <module>
  File "C:\Users\AMD\AppData\Local\Programs\Python\Python311\Lib\multiprocessing\spawn.py", line 122, in spawn_main
    exitcode = _main(fd, parent_sentinel)
               ^^^^^^^^^^^^^^^^^^^^^^^^^^
  File "C:\Users\AMD\AppData\Local\Programs\Python\Python311\Lib\multiprocessing\spawn.py", line 132, in _main
    self = reduction.pickle.load(from_parent)
           ^^^^^^^^^^^^^^^^^^^^^^^^^^^^^^^^^^
ModuleNotFoundError: No module named 'uvicorn'
WARNING:  WatchFiles detected changes in 'wandb_login.py'. Reloading...
Traceback (most recent call last):
  File "<string>", line 1, in <module>
  File "C:\Users\AMD\AppData\Local\Programs\Python\Python311\Lib\multiprocessing\spawn.py", line 122, in spawn_main
    exitcode = _main(fd, parent_sentinel)
               ^^^^^^^^^^^^^^^^^^^^^^^^^^
  File "C:\Users\AMD\AppData\Local\Programs\Python\Python311\Lib\multiprocessing\spawn.py", line 132, in _main
    self = reduction.pickle.load(from_parent)
           ^^^^^^^^^^^^^^^^^^^^^^^^^^^^^^^^^^
ModuleNotFoundError: No module named 'uvicorn'
WARNING:  WatchFiles detected changes in 'wandb_login.py'. Reloading...
Traceback (most recent call last):
  File "<string>", line 1, in <module>
  File "C:\Users\AMD\AppData\Local\Programs\Python\Python311\Lib\multiprocessing\spawn.py", line 122, in spawn_main
    exitcode = _main(fd, parent_sentinel)
               ^^^^^^^^^^^^^^^^^^^^^^^^^^
  File "C:\Users\AMD\AppData\Local\Programs\Python\Python311\Lib\multiprocessing\spawn.py", line 132, in _main
    self = reduction.pickle.load(from_parent)
           ^^^^^^^^^^^^^^^^^^^^^^^^^^^^^^^^^^
ModuleNotFoundError: No module named 'uvicorn'
WARNING:  WatchFiles detected changes in 'wandb_login.py'. Reloading...
Traceback (most recent call last):
  File "<string>", line 1, in <module>
  File "C:\Users\AMD\AppData\Local\Programs\Python\Python311\Lib\multiprocessing\spawn.py", line 122, in spawn_main
    exitcode = _main(fd, parent_sentinel)
               ^^^^^^^^^^^^^^^^^^^^^^^^^^
  File "C:\Users\AMD\AppData\Local\Programs\Python\Python311\Lib\multiprocessing\spawn.py", line 132, in _main
    self = reduction.pickle.load(from_parent)
           ^^^^^^^^^^^^^^^^^^^^^^^^^^^^^^^^^^
ModuleNotFoundError: No module named 'uvicorn'
WARNING:  WatchFiles detected changes in 'test_weave_integration.py'. Reloading...
Traceback (most recent call last):
  File "<string>", line 1, in <module>
  File "C:\Users\AMD\AppData\Local\Programs\Python\Python311\Lib\multiprocessing\spawn.py", line 122, in spawn_main
    exitcode = _main(fd, parent_sentinel)
               ^^^^^^^^^^^^^^^^^^^^^^^^^^
  File "C:\Users\AMD\AppData\Local\Programs\Python\Python311\Lib\multiprocessing\spawn.py", line 132, in _main
    self = reduction.pickle.load(from_parent)
           ^^^^^^^^^^^^^^^^^^^^^^^^^^^^^^^^^^
ModuleNotFoundError: No module named 'uvicorn'
WARNING:  WatchFiles detected changes in 'test_weave_integration.py'. Reloading...
Traceback (most recent call last):
  File "<string>", line 1, in <module>
  File "C:\Users\AMD\AppData\Local\Programs\Python\Python311\Lib\multiprocessing\spawn.py", line 122, in spawn_main
    exitcode = _main(fd, parent_sentinel)
               ^^^^^^^^^^^^^^^^^^^^^^^^^^
  File "C:\Users\AMD\AppData\Local\Programs\Python\Python311\Lib\multiprocessing\spawn.py", line 132, in _main
    self = reduction.pickle.load(from_parent)
           ^^^^^^^^^^^^^^^^^^^^^^^^^^^^^^^^^^
ModuleNotFoundError: No module named 'uvicorn'
WARNING:  WatchFiles detected changes in 'src\main.py'. Reloading...
Traceback (most recent call last):
  File "<string>", line 1, in <module>
  File "C:\Users\AMD\AppData\Local\Programs\Python\Python311\Lib\multiprocessing\spawn.py", line 122, in spawn_main
    exitcode = _main(fd, parent_sentinel)
               ^^^^^^^^^^^^^^^^^^^^^^^^^^
  File "C:\Users\AMD\AppData\Local\Programs\Python\Python311\Lib\multiprocessing\spawn.py", line 132, in _main
    self = reduction.pickle.load(from_parent)
           ^^^^^^^^^^^^^^^^^^^^^^^^^^^^^^^^^^
ModuleNotFoundError: No module named 'uvicorn'
WARNING:  WatchFiles detected changes in 'src\main.py'. Reloading...
Traceback (most recent call last):
  File "<string>", line 1, in <module>
  File "C:\Users\AMD\AppData\Local\Programs\Python\Python311\Lib\multiprocessing\spawn.py", line 122, in spawn_main
    exitcode = _main(fd, parent_sentinel)
               ^^^^^^^^^^^^^^^^^^^^^^^^^^
  File "C:\Users\AMD\AppData\Local\Programs\Python\Python311\Lib\multiprocessing\spawn.py", line 132, in _main
    self = reduction.pickle.load(from_parent)
           ^^^^^^^^^^^^^^^^^^^^^^^^^^^^^^^^^^
ModuleNotFoundError: No module named 'uvicorn'
WARNING:  WatchFiles detected changes in 'src\main.py'. Reloading...
Traceback (most recent call last):
  File "<string>", line 1, in <module>
  File "C:\Users\AMD\AppData\Local\Programs\Python\Python311\Lib\multiprocessing\spawn.py", line 122, in spawn_main
    exitcode = _main(fd, parent_sentinel)
               ^^^^^^^^^^^^^^^^^^^^^^^^^^
  File "C:\Users\AMD\AppData\Local\Programs\Python\Python311\Lib\multiprocessing\spawn.py", line 132, in _main
    self = reduction.pickle.load(from_parent)
           ^^^^^^^^^^^^^^^^^^^^^^^^^^^^^^^^^^
ModuleNotFoundError: No module named 'uvicorn'
WARNING:  WatchFiles detected changes in 'src\main.py'. Reloading...
Traceback (most recent call last):
  File "<string>", line 1, in <module>
  File "C:\Users\AMD\AppData\Local\Programs\Python\Python311\Lib\multiprocessing\spawn.py", line 122, in spawn_main
    exitcode = _main(fd, parent_sentinel)
               ^^^^^^^^^^^^^^^^^^^^^^^^^^
  File "C:\Users\AMD\AppData\Local\Programs\Python\Python311\Lib\multiprocessing\spawn.py", line 132, in _main
    self = reduction.pickle.load(from_parent)
           ^^^^^^^^^^^^^^^^^^^^^^^^^^^^^^^^^^
ModuleNotFoundError: No module named 'uvicorn'
2025-08-01 03:34:54.954 | INFO     | src.cognitive_engine_service:startup_event:323 - ðŸš€ Cognitive AI Engine starting up...
2025-08-01 03:35:16.445 | INFO     | src.cognitive_engine_service:log_requests:80 - ENGINE: GET http://localhost:8002/health | Body: None
2025-08-01 03:35:16.447 | INFO     | src.cognitive_engine_service:log_requests:86 - ENGINE: Response 200 for GET http://localhost:8002/health
2025-08-01 03:35:20.620 | INFO     | src.cognitive_engine_service:log_requests:80 - ENGINE: GET http://localhost:8002/health | Body: None
2025-08-01 03:35:20.620 | INFO     | src.cognitive_engine_service:log_requests:86 - ENGINE: Response 200 for GET http://localhost:8002/health
2025-08-01 03:35:30.676 | INFO     | src.cognitive_engine_service:log_requests:80 - ENGINE: GET http://localhost:8002/health | Body: None
2025-08-01 03:35:30.678 | INFO     | src.cognitive_engine_service:log_requests:86 - ENGINE: Response 200 for GET http://localhost:8002/health
2025-08-01 03:35:35.857 | INFO     | src.cognitive_engine_service:log_requests:80 - ENGINE: GET http://localhost:8002/health | Body: None
2025-08-01 03:35:35.858 | INFO     | src.cognitive_engine_service:log_requests:86 - ENGINE: Response 200 for GET http://localhost:8002/health
2025-08-01 03:35:40.903 | INFO     | src.cognitive_engine_service:log_requests:80 - ENGINE: GET http://localhost:8002/health | Body: None
2025-08-01 03:35:40.903 | INFO     | src.cognitive_engine_service:log_requests:86 - ENGINE: Response 200 for GET http://localhost:8002/health
2025-08-01 03:35:45.695 | INFO     | src.cognitive_engine_service:log_requests:80 - ENGINE: GET http://localhost:8002/health | Body: None
2025-08-01 03:35:45.696 | INFO     | src.cognitive_engine_service:log_requests:86 - ENGINE: Response 200 for GET http://localhost:8002/health
2025-08-01 03:35:50.711 | INFO     | src.cognitive_engine_service:log_requests:80 - ENGINE: GET http://localhost:8002/health | Body: None
2025-08-01 03:35:50.714 | INFO     | src.cognitive_engine_service:log_requests:86 - ENGINE: Response 200 for GET http://localhost:8002/health
2025-08-01 03:35:56.157 | INFO     | src.cognitive_engine_service:log_requests:80 - ENGINE: GET http://localhost:8002/health | Body: None
2025-08-01 03:35:56.160 | INFO     | src.cognitive_engine_service:log_requests:86 - ENGINE: Response 200 for GET http://localhost:8002/health
2025-08-01 03:36:01.147 | INFO     | src.cognitive_engine_service:log_requests:80 - ENGINE: GET http://localhost:8002/health | Body: None
2025-08-01 03:36:01.149 | INFO     | src.cognitive_engine_service:log_requests:86 - ENGINE: Response 200 for GET http://localhost:8002/health
2025-08-01 03:36:06.323 | INFO     | src.cognitive_engine_service:log_requests:80 - ENGINE: GET http://localhost:8002/health | Body: None
2025-08-01 03:36:06.323 | INFO     | src.cognitive_engine_service:log_requests:86 - ENGINE: Response 200 for GET http://localhost:8002/health
2025-08-01 03:36:11.161 | INFO     | src.cognitive_engine_service:log_requests:80 - ENGINE: GET http://localhost:8002/health | Body: None
2025-08-01 03:36:11.161 | INFO     | src.cognitive_engine_service:log_requests:86 - ENGINE: Response 200 for GET http://localhost:8002/health
2025-08-01 03:36:16.161 | INFO     | src.cognitive_engine_service:log_requests:80 - ENGINE: GET http://localhost:8002/health | Body: None
2025-08-01 03:36:16.163 | INFO     | src.cognitive_engine_service:log_requests:86 - ENGINE: Response 200 for GET http://localhost:8002/health
2025-08-01 03:36:21.154 | INFO     | src.cognitive_engine_service:log_requests:80 - ENGINE: GET http://localhost:8002/health | Body: None
2025-08-01 03:36:21.154 | INFO     | src.cognitive_engine_service:log_requests:86 - ENGINE: Response 200 for GET http://localhost:8002/health
2025-08-01 03:36:26.189 | INFO     | src.cognitive_engine_service:log_requests:80 - ENGINE: GET http://localhost:8002/health | Body: None
2025-08-01 03:36:26.190 | INFO     | src.cognitive_engine_service:log_requests:86 - ENGINE: Response 200 for GET http://localhost:8002/health
2025-08-01 03:36:31.146 | INFO     | src.cognitive_engine_service:log_requests:80 - ENGINE: GET http://localhost:8002/health | Body: None
2025-08-01 03:36:31.146 | INFO     | src.cognitive_engine_service:log_requests:86 - ENGINE: Response 200 for GET http://localhost:8002/health
2025-08-01 03:36:36.132 | INFO     | src.cognitive_engine_service:log_requests:80 - ENGINE: GET http://localhost:8002/health | Body: None
2025-08-01 03:36:36.135 | INFO     | src.cognitive_engine_service:log_requests:86 - ENGINE: Response 200 for GET http://localhost:8002/health
2025-08-01 03:36:41.175 | INFO     | src.cognitive_engine_service:log_requests:80 - ENGINE: GET http://localhost:8002/health | Body: None
2025-08-01 03:36:41.176 | INFO     | src.cognitive_engine_service:log_requests:86 - ENGINE: Response 200 for GET http://localhost:8002/health
2025-08-01 03:36:46.152 | INFO     | src.cognitive_engine_service:log_requests:80 - ENGINE: GET http://localhost:8002/health | Body: None
2025-08-01 03:36:46.152 | INFO     | src.cognitive_engine_service:log_requests:86 - ENGINE: Response 200 for GET http://localhost:8002/health
2025-08-01 03:36:51.161 | INFO     | src.cognitive_engine_service:log_requests:80 - ENGINE: GET http://localhost:8002/health | Body: None
2025-08-01 03:36:51.161 | INFO     | src.cognitive_engine_service:log_requests:86 - ENGINE: Response 200 for GET http://localhost:8002/health
2025-08-01 03:37:34.241 | INFO     | src.cognitive_engine_service:log_requests:80 - ENGINE: GET http://localhost:8002/health | Body: None
2025-08-01 03:37:34.243 | INFO     | src.cognitive_engine_service:log_requests:86 - ENGINE: Response 200 for GET http://localhost:8002/health
2025-08-01 03:37:59.618 | INFO     | src.cognitive_engine_service:shutdown_event:336 - ðŸ›‘ Cognitive AI Engine shutting down...
2025-08-01 03:38:14.636 | INFO     | src.cognitive_engine_service:startup_event:323 - ðŸš€ Cognitive AI Engine starting up...
2025-08-01 03:38:26.651 | INFO     | src.cognitive_engine_service:shutdown_event:336 - ðŸ›‘ Cognitive AI Engine shutting down...
2025-08-01 03:38:42.555 | INFO     | src.cognitive_engine_service:startup_event:323 - ðŸš€ Cognitive AI Engine starting up...
2025-08-01 03:39:56.349 | INFO     | src.cognitive_engine_service:shutdown_event:336 - ðŸ›‘ Cognitive AI Engine shutting down...
2025-08-01 03:40:12.449 | INFO     | src.cognitive_engine_service:startup_event:323 - ðŸš€ Cognitive AI Engine starting up...
2025-08-01 03:41:06.075 | INFO     | src.cognitive_engine_service:log_requests:80 - ENGINE: GET http://localhost:8002/health | Body: None
2025-08-01 03:41:06.085 | INFO     | src.cognitive_engine_service:log_requests:86 - ENGINE: Response 200 for GET http://localhost:8002/health
2025-08-01 03:41:11.081 | INFO     | src.cognitive_engine_service:log_requests:80 - ENGINE: GET http://localhost:8002/health | Body: None
2025-08-01 03:41:11.082 | INFO     | src.cognitive_engine_service:log_requests:86 - ENGINE: Response 200 for GET http://localhost:8002/health
2025-08-01 03:41:16.188 | INFO     | src.cognitive_engine_service:log_requests:80 - ENGINE: GET http://localhost:8002/health | Body: None
2025-08-01 03:41:16.188 | INFO     | src.cognitive_engine_service:log_requests:86 - ENGINE: Response 200 for GET http://localhost:8002/health
2025-08-01 03:41:20.157 | INFO     | src.cognitive_engine_service:log_requests:80 - ENGINE: GET http://localhost:8002/health | Body: None
2025-08-01 03:41:20.157 | INFO     | src.cognitive_engine_service:log_requests:86 - ENGINE: Response 200 for GET http://localhost:8002/health
2025-08-01 03:41:23.319 | INFO     | src.cognitive_engine_service:log_requests:80 - ENGINE: GET http://localhost:8002/health | Body: None
2025-08-01 03:41:23.320 | INFO     | src.cognitive_engine_service:log_requests:86 - ENGINE: Response 200 for GET http://localhost:8002/health
2025-08-01 03:41:26.516 | INFO     | src.cognitive_engine_service:log_requests:80 - ENGINE: GET http://localhost:8002/health | Body: None
2025-08-01 03:41:26.518 | INFO     | src.cognitive_engine_service:log_requests:86 - ENGINE: Response 200 for GET http://localhost:8002/health
2025-08-01 03:41:31.056 | INFO     | src.cognitive_engine_service:log_requests:80 - ENGINE: GET http://localhost:8002/health | Body: None
2025-08-01 03:41:31.056 | INFO     | src.cognitive_engine_service:log_requests:86 - ENGINE: Response 200 for GET http://localhost:8002/health
2025-08-01 03:41:36.059 | INFO     | src.cognitive_engine_service:log_requests:80 - ENGINE: GET http://localhost:8002/health | Body: None
2025-08-01 03:41:36.062 | INFO     | src.cognitive_engine_service:log_requests:86 - ENGINE: Response 200 for GET http://localhost:8002/health
2025-08-01 03:41:41.100 | INFO     | src.cognitive_engine_service:log_requests:80 - ENGINE: GET http://localhost:8002/health | Body: None
2025-08-01 03:41:41.100 | INFO     | src.cognitive_engine_service:log_requests:86 - ENGINE: Response 200 for GET http://localhost:8002/health
2025-08-01 03:41:46.094 | INFO     | src.cognitive_engine_service:log_requests:80 - ENGINE: GET http://localhost:8002/health | Body: None
2025-08-01 03:41:46.096 | INFO     | src.cognitive_engine_service:log_requests:86 - ENGINE: Response 200 for GET http://localhost:8002/health
2025-08-01 03:41:51.074 | INFO     | src.cognitive_engine_service:log_requests:80 - ENGINE: GET http://localhost:8002/health | Body: None
2025-08-01 03:41:51.074 | INFO     | src.cognitive_engine_service:log_requests:86 - ENGINE: Response 200 for GET http://localhost:8002/health
2025-08-01 03:41:56.053 | INFO     | src.cognitive_engine_service:log_requests:80 - ENGINE: GET http://localhost:8002/health | Body: None
2025-08-01 03:41:56.053 | INFO     | src.cognitive_engine_service:log_requests:86 - ENGINE: Response 200 for GET http://localhost:8002/health
2025-08-01 03:42:01.088 | INFO     | src.cognitive_engine_service:log_requests:80 - ENGINE: GET http://localhost:8002/health | Body: None
2025-08-01 03:42:01.090 | INFO     | src.cognitive_engine_service:log_requests:86 - ENGINE: Response 200 for GET http://localhost:8002/health
2025-08-01 03:42:06.072 | INFO     | src.cognitive_engine_service:log_requests:80 - ENGINE: GET http://localhost:8002/health | Body: None
2025-08-01 03:42:06.072 | INFO     | src.cognitive_engine_service:log_requests:86 - ENGINE: Response 200 for GET http://localhost:8002/health
2025-08-01 03:42:11.072 | INFO     | src.cognitive_engine_service:log_requests:80 - ENGINE: GET http://localhost:8002/health | Body: None
2025-08-01 03:42:11.072 | INFO     | src.cognitive_engine_service:log_requests:86 - ENGINE: Response 200 for GET http://localhost:8002/health
2025-08-01 03:42:16.078 | INFO     | src.cognitive_engine_service:log_requests:80 - ENGINE: GET http://localhost:8002/health | Body: None
2025-08-01 03:42:16.078 | INFO     | src.cognitive_engine_service:log_requests:86 - ENGINE: Response 200 for GET http://localhost:8002/health
2025-08-01 03:42:21.054 | INFO     | src.cognitive_engine_service:log_requests:80 - ENGINE: GET http://localhost:8002/health | Body: None
2025-08-01 03:42:21.054 | INFO     | src.cognitive_engine_service:log_requests:86 - ENGINE: Response 200 for GET http://localhost:8002/health
2025-08-01 03:42:26.067 | INFO     | src.cognitive_engine_service:log_requests:80 - ENGINE: GET http://localhost:8002/health | Body: None
2025-08-01 03:42:26.067 | INFO     | src.cognitive_engine_service:log_requests:86 - ENGINE: Response 200 for GET http://localhost:8002/health
2025-08-01 03:42:30.465 | INFO     | src.cognitive_engine_service:shutdown_event:336 - ðŸ›‘ Cognitive AI Engine shutting down...
2025-08-01 03:42:45.854 | INFO     | src.cognitive_engine_service:startup_event:323 - ðŸš€ Cognitive AI Engine starting up...
2025-08-01 03:42:45.987 | INFO     | src.cognitive_engine_service:shutdown_event:336 - ðŸ›‘ Cognitive AI Engine shutting down...
2025-08-01 03:43:02.118 | INFO     | src.cognitive_engine_service:startup_event:323 - ðŸš€ Cognitive AI Engine starting up...
2025-08-01 03:43:02.294 | INFO     | src.cognitive_engine_service:shutdown_event:336 - ðŸ›‘ Cognitive AI Engine shutting down...
2025-08-01 03:43:18.344 | INFO     | src.cognitive_engine_service:startup_event:323 - ðŸš€ Cognitive AI Engine starting up...
2025-08-01 03:43:18.510 | INFO     | src.cognitive_engine_service:shutdown_event:336 - ðŸ›‘ Cognitive AI Engine shutting down...
2025-08-01 03:43:35.711 | INFO     | src.cognitive_engine_service:startup_event:323 - ðŸš€ Cognitive AI Engine starting up...
2025-08-01 03:43:35.838 | INFO     | src.cognitive_engine_service:shutdown_event:336 - ðŸ›‘ Cognitive AI Engine shutting down...
2025-08-01 03:43:51.677 | INFO     | src.cognitive_engine_service:startup_event:323 - ðŸš€ Cognitive AI Engine starting up...
2025-08-01 03:43:51.830 | INFO     | src.cognitive_engine_service:shutdown_event:336 - ðŸ›‘ Cognitive AI Engine shutting down...
2025-08-01 03:44:09.529 | INFO     | src.cognitive_engine_service:startup_event:323 - ðŸš€ Cognitive AI Engine starting up...
2025-08-01 03:44:09.656 | INFO     | src.cognitive_engine_service:shutdown_event:336 - ðŸ›‘ Cognitive AI Engine shutting down...
2025-08-01 03:44:27.765 | INFO     | src.cognitive_engine_service:startup_event:323 - ðŸš€ Cognitive AI Engine starting up...
2025-08-01 03:44:27.922 | INFO     | src.cognitive_engine_service:log_requests:80 - ENGINE: GET http://localhost:8002/health | Body: None
2025-08-01 03:44:27.923 | INFO     | src.cognitive_engine_service:log_requests:80 - ENGINE: GET http://localhost:8002/health | Body: None
2025-08-01 03:44:27.923 | INFO     | src.cognitive_engine_service:log_requests:86 - ENGINE: Response 200 for GET http://localhost:8002/health
2025-08-01 03:44:27.927 | INFO     | src.cognitive_engine_service:log_requests:86 - ENGINE: Response 200 for GET http://localhost:8002/health
2025-08-01 03:44:29.000 | INFO     | src.cognitive_engine_service:log_requests:80 - ENGINE: GET http://localhost:8002/health | Body: None
2025-08-01 03:44:29.000 | INFO     | src.cognitive_engine_service:log_requests:86 - ENGINE: Response 200 for GET http://localhost:8002/health
2025-08-01 03:44:32.395 | INFO     | src.cognitive_engine_service:log_requests:80 - ENGINE: GET http://localhost:8002/health | Body: None
2025-08-01 03:44:32.398 | INFO     | src.cognitive_engine_service:log_requests:86 - ENGINE: Response 200 for GET http://localhost:8002/health
2025-08-01 03:44:35.904 | INFO     | src.cognitive_engine_service:log_requests:80 - ENGINE: GET http://localhost:8002/health | Body: None
2025-08-01 03:44:35.904 | INFO     | src.cognitive_engine_service:log_requests:86 - ENGINE: Response 200 for GET http://localhost:8002/health
2025-08-01 03:44:39.087 | INFO     | src.cognitive_engine_service:log_requests:80 - ENGINE: GET http://localhost:8002/health | Body: None
2025-08-01 03:44:39.089 | INFO     | src.cognitive_engine_service:log_requests:86 - ENGINE: Response 200 for GET http://localhost:8002/health
2025-08-01 03:44:42.414 | INFO     | src.cognitive_engine_service:log_requests:80 - ENGINE: GET http://localhost:8002/health | Body: None
2025-08-01 03:44:42.416 | INFO     | src.cognitive_engine_service:log_requests:86 - ENGINE: Response 200 for GET http://localhost:8002/health
2025-08-01 03:44:45.730 | INFO     | src.cognitive_engine_service:log_requests:80 - ENGINE: GET http://localhost:8002/health | Body: None
2025-08-01 03:44:45.730 | INFO     | src.cognitive_engine_service:log_requests:86 - ENGINE: Response 200 for GET http://localhost:8002/health
2025-08-01 03:44:49.032 | INFO     | src.cognitive_engine_service:log_requests:80 - ENGINE: GET http://localhost:8002/health | Body: None
2025-08-01 03:44:49.035 | INFO     | src.cognitive_engine_service:log_requests:86 - ENGINE: Response 200 for GET http://localhost:8002/health
2025-08-01 03:44:52.339 | INFO     | src.cognitive_engine_service:log_requests:80 - ENGINE: GET http://localhost:8002/health | Body: None
2025-08-01 03:44:52.339 | INFO     | src.cognitive_engine_service:log_requests:86 - ENGINE: Response 200 for GET http://localhost:8002/health
2025-08-01 03:44:55.785 | INFO     | src.cognitive_engine_service:log_requests:80 - ENGINE: GET http://localhost:8002/health | Body: None
2025-08-01 03:44:55.785 | INFO     | src.cognitive_engine_service:log_requests:86 - ENGINE: Response 200 for GET http://localhost:8002/health
2025-08-01 03:44:59.000 | INFO     | src.cognitive_engine_service:log_requests:80 - ENGINE: GET http://localhost:8002/health | Body: None
2025-08-01 03:44:59.000 | INFO     | src.cognitive_engine_service:log_requests:86 - ENGINE: Response 200 for GET http://localhost:8002/health
2025-08-01 03:45:02.331 | INFO     | src.cognitive_engine_service:log_requests:80 - ENGINE: GET http://localhost:8002/health | Body: None
2025-08-01 03:45:02.331 | INFO     | src.cognitive_engine_service:log_requests:86 - ENGINE: Response 200 for GET http://localhost:8002/health
2025-08-01 03:45:05.704 | INFO     | src.cognitive_engine_service:log_requests:80 - ENGINE: GET http://localhost:8002/health | Body: None
2025-08-01 03:45:05.704 | INFO     | src.cognitive_engine_service:log_requests:86 - ENGINE: Response 200 for GET http://localhost:8002/health
2025-08-01 03:45:09.198 | INFO     | src.cognitive_engine_service:log_requests:80 - ENGINE: GET http://localhost:8002/health | Body: None
2025-08-01 03:45:09.200 | INFO     | src.cognitive_engine_service:log_requests:86 - ENGINE: Response 200 for GET http://localhost:8002/health
2025-08-01 03:45:12.410 | INFO     | src.cognitive_engine_service:log_requests:80 - ENGINE: GET http://localhost:8002/health | Body: None
2025-08-01 03:45:12.410 | INFO     | src.cognitive_engine_service:log_requests:86 - ENGINE: Response 200 for GET http://localhost:8002/health
2025-08-01 03:45:15.926 | INFO     | src.cognitive_engine_service:log_requests:80 - ENGINE: GET http://localhost:8002/health | Body: None
2025-08-01 03:45:15.926 | INFO     | src.cognitive_engine_service:log_requests:86 - ENGINE: Response 200 for GET http://localhost:8002/health
2025-08-01 03:45:19.417 | INFO     | src.cognitive_engine_service:log_requests:80 - ENGINE: GET http://localhost:8002/health | Body: None
2025-08-01 03:45:19.417 | INFO     | src.cognitive_engine_service:log_requests:86 - ENGINE: Response 200 for GET http://localhost:8002/health
2025-08-01 03:45:22.649 | INFO     | src.cognitive_engine_service:log_requests:80 - ENGINE: GET http://localhost:8002/health | Body: None
2025-08-01 03:45:22.650 | INFO     | src.cognitive_engine_service:log_requests:86 - ENGINE: Response 200 for GET http://localhost:8002/health
2025-08-01 03:45:26.126 | INFO     | src.cognitive_engine_service:log_requests:80 - ENGINE: GET http://localhost:8002/health | Body: None
2025-08-01 03:45:26.127 | INFO     | src.cognitive_engine_service:log_requests:86 - ENGINE: Response 200 for GET http://localhost:8002/health
2025-08-01 03:45:29.725 | INFO     | src.cognitive_engine_service:log_requests:80 - ENGINE: GET http://localhost:8002/health | Body: None
2025-08-01 03:45:29.726 | INFO     | src.cognitive_engine_service:log_requests:86 - ENGINE: Response 200 for GET http://localhost:8002/health
2025-08-01 03:45:33.034 | INFO     | src.cognitive_engine_service:log_requests:80 - ENGINE: GET http://localhost:8002/health | Body: None
2025-08-01 03:45:33.035 | INFO     | src.cognitive_engine_service:log_requests:86 - ENGINE: Response 200 for GET http://localhost:8002/health
2025-08-01 03:45:36.417 | INFO     | src.cognitive_engine_service:log_requests:80 - ENGINE: GET http://localhost:8002/health | Body: None
2025-08-01 03:45:36.419 | INFO     | src.cognitive_engine_service:log_requests:86 - ENGINE: Response 200 for GET http://localhost:8002/health
2025-08-01 03:45:41.306 | INFO     | src.cognitive_engine_service:log_requests:80 - ENGINE: GET http://localhost:8002/health | Body: None
2025-08-01 03:45:41.308 | INFO     | src.cognitive_engine_service:log_requests:86 - ENGINE: Response 200 for GET http://localhost:8002/health
2025-08-01 03:45:46.354 | INFO     | src.cognitive_engine_service:log_requests:80 - ENGINE: GET http://localhost:8002/health | Body: None
2025-08-01 03:45:46.356 | INFO     | src.cognitive_engine_service:log_requests:86 - ENGINE: Response 200 for GET http://localhost:8002/health
2025-08-01 03:48:12.099 | INFO     | src.cognitive_engine_service:startup_event:323 - ðŸš€ Cognitive AI Engine starting up...
2025-08-01 03:49:34.640 | INFO     | src.cognitive_engine_service:log_requests:80 - ENGINE: GET http://localhost:8002/health | Body: None
2025-08-01 03:49:34.640 | INFO     | src.cognitive_engine_service:log_requests:86 - ENGINE: Response 200 for GET http://localhost:8002/health
2025-08-01 03:49:39.794 | INFO     | src.cognitive_engine_service:log_requests:80 - ENGINE: GET http://localhost:8002/health | Body: None
2025-08-01 03:49:39.794 | INFO     | src.cognitive_engine_service:log_requests:86 - ENGINE: Response 200 for GET http://localhost:8002/health
2025-08-01 03:49:44.807 | INFO     | src.cognitive_engine_service:log_requests:80 - ENGINE: GET http://localhost:8002/health | Body: None
2025-08-01 03:49:44.807 | INFO     | src.cognitive_engine_service:log_requests:86 - ENGINE: Response 200 for GET http://localhost:8002/health
2025-08-01 03:49:49.816 | INFO     | src.cognitive_engine_service:log_requests:80 - ENGINE: GET http://localhost:8002/health | Body: None
2025-08-01 03:49:49.816 | INFO     | src.cognitive_engine_service:log_requests:86 - ENGINE: Response 200 for GET http://localhost:8002/health
2025-08-01 03:49:54.672 | INFO     | src.cognitive_engine_service:log_requests:80 - ENGINE: GET http://localhost:8002/health | Body: None
2025-08-01 03:49:54.672 | INFO     | src.cognitive_engine_service:log_requests:86 - ENGINE: Response 200 for GET http://localhost:8002/health
2025-08-01 03:49:59.650 | INFO     | src.cognitive_engine_service:log_requests:80 - ENGINE: GET http://localhost:8002/health | Body: None
2025-08-01 03:49:59.650 | INFO     | src.cognitive_engine_service:log_requests:86 - ENGINE: Response 200 for GET http://localhost:8002/health
2025-08-01 03:50:04.795 | INFO     | src.cognitive_engine_service:log_requests:80 - ENGINE: GET http://localhost:8002/health | Body: None
2025-08-01 03:50:04.795 | INFO     | src.cognitive_engine_service:log_requests:86 - ENGINE: Response 200 for GET http://localhost:8002/health
2025-08-01 03:50:09.640 | INFO     | src.cognitive_engine_service:log_requests:80 - ENGINE: GET http://localhost:8002/health | Body: None
2025-08-01 03:50:09.642 | INFO     | src.cognitive_engine_service:log_requests:86 - ENGINE: Response 200 for GET http://localhost:8002/health
2025-08-01 03:50:13.073 | INFO     | src.cognitive_engine_service:log_requests:80 - ENGINE: GET http://localhost:8002/health | Body: None
2025-08-01 03:50:13.075 | INFO     | src.cognitive_engine_service:log_requests:86 - ENGINE: Response 200 for GET http://localhost:8002/health
2025-08-01 03:50:16.531 | INFO     | src.cognitive_engine_service:log_requests:80 - ENGINE: GET http://localhost:8002/health | Body: None
2025-08-01 03:50:16.531 | INFO     | src.cognitive_engine_service:log_requests:86 - ENGINE: Response 200 for GET http://localhost:8002/health
2025-08-01 03:50:19.638 | INFO     | src.cognitive_engine_service:log_requests:80 - ENGINE: GET http://localhost:8002/health | Body: None
2025-08-01 03:50:19.638 | INFO     | src.cognitive_engine_service:log_requests:86 - ENGINE: Response 200 for GET http://localhost:8002/health
2025-08-01 03:50:24.696 | INFO     | src.cognitive_engine_service:log_requests:80 - ENGINE: GET http://localhost:8002/health | Body: None
2025-08-01 03:50:24.696 | INFO     | src.cognitive_engine_service:log_requests:86 - ENGINE: Response 200 for GET http://localhost:8002/health
2025-08-01 03:50:29.691 | INFO     | src.cognitive_engine_service:log_requests:80 - ENGINE: GET http://localhost:8002/health | Body: None
2025-08-01 03:50:29.691 | INFO     | src.cognitive_engine_service:log_requests:86 - ENGINE: Response 200 for GET http://localhost:8002/health
2025-08-01 03:50:34.685 | INFO     | src.cognitive_engine_service:log_requests:80 - ENGINE: GET http://localhost:8002/health | Body: None
2025-08-01 03:50:34.687 | INFO     | src.cognitive_engine_service:log_requests:86 - ENGINE: Response 200 for GET http://localhost:8002/health
2025-08-01 03:50:39.668 | INFO     | src.cognitive_engine_service:log_requests:80 - ENGINE: GET http://localhost:8002/health | Body: None
2025-08-01 03:50:39.668 | INFO     | src.cognitive_engine_service:log_requests:86 - ENGINE: Response 200 for GET http://localhost:8002/health
2025-08-01 03:50:44.684 | INFO     | src.cognitive_engine_service:log_requests:80 - ENGINE: GET http://localhost:8002/health | Body: None
2025-08-01 03:50:44.686 | INFO     | src.cognitive_engine_service:log_requests:86 - ENGINE: Response 200 for GET http://localhost:8002/health
2025-08-01 03:50:49.684 | INFO     | src.cognitive_engine_service:log_requests:80 - ENGINE: GET http://localhost:8002/health | Body: None
2025-08-01 03:50:49.686 | INFO     | src.cognitive_engine_service:log_requests:86 - ENGINE: Response 200 for GET http://localhost:8002/health
2025-08-01 03:50:54.670 | INFO     | src.cognitive_engine_service:log_requests:80 - ENGINE: GET http://localhost:8002/health | Body: None
2025-08-01 03:50:54.670 | INFO     | src.cognitive_engine_service:log_requests:86 - ENGINE: Response 200 for GET http://localhost:8002/health
2025-08-01 03:50:59.663 | INFO     | src.cognitive_engine_service:log_requests:80 - ENGINE: GET http://localhost:8002/health | Body: None
2025-08-01 03:50:59.665 | INFO     | src.cognitive_engine_service:log_requests:86 - ENGINE: Response 200 for GET http://localhost:8002/health
2025-08-01 03:51:04.637 | INFO     | src.cognitive_engine_service:log_requests:80 - ENGINE: GET http://localhost:8002/health | Body: None
2025-08-01 03:51:04.639 | INFO     | src.cognitive_engine_service:log_requests:86 - ENGINE: Response 200 for GET http://localhost:8002/health
2025-08-01 03:51:09.679 | INFO     | src.cognitive_engine_service:log_requests:80 - ENGINE: GET http://localhost:8002/health | Body: None
2025-08-01 03:51:09.681 | INFO     | src.cognitive_engine_service:log_requests:86 - ENGINE: Response 200 for GET http://localhost:8002/health
2025-08-01 03:51:14.665 | INFO     | src.cognitive_engine_service:log_requests:80 - ENGINE: GET http://localhost:8002/health | Body: None
2025-08-01 03:51:14.665 | INFO     | src.cognitive_engine_service:log_requests:86 - ENGINE: Response 200 for GET http://localhost:8002/health
2025-08-01 03:51:19.683 | INFO     | src.cognitive_engine_service:log_requests:80 - ENGINE: GET http://localhost:8002/health | Body: None
2025-08-01 03:51:19.686 | INFO     | src.cognitive_engine_service:log_requests:86 - ENGINE: Response 200 for GET http://localhost:8002/health
2025-08-01 03:51:24.673 | INFO     | src.cognitive_engine_service:log_requests:80 - ENGINE: GET http://localhost:8002/health | Body: None
2025-08-01 03:51:24.673 | INFO     | src.cognitive_engine_service:log_requests:86 - ENGINE: Response 200 for GET http://localhost:8002/health
2025-08-01 03:51:29.668 | INFO     | src.cognitive_engine_service:log_requests:80 - ENGINE: GET http://localhost:8002/health | Body: None
2025-08-01 03:51:29.668 | INFO     | src.cognitive_engine_service:log_requests:86 - ENGINE: Response 200 for GET http://localhost:8002/health
2025-08-01 03:51:34.654 | INFO     | src.cognitive_engine_service:log_requests:80 - ENGINE: GET http://localhost:8002/health | Body: None
2025-08-01 03:51:34.655 | INFO     | src.cognitive_engine_service:log_requests:86 - ENGINE: Response 200 for GET http://localhost:8002/health
2025-08-01 03:51:39.678 | INFO     | src.cognitive_engine_service:log_requests:80 - ENGINE: GET http://localhost:8002/health | Body: None
2025-08-01 03:51:39.678 | INFO     | src.cognitive_engine_service:log_requests:86 - ENGINE: Response 200 for GET http://localhost:8002/health
2025-08-01 03:51:44.658 | INFO     | src.cognitive_engine_service:log_requests:80 - ENGINE: GET http://localhost:8002/health | Body: None
2025-08-01 03:51:44.659 | INFO     | src.cognitive_engine_service:log_requests:86 - ENGINE: Response 200 for GET http://localhost:8002/health
2025-08-01 03:51:49.663 | INFO     | src.cognitive_engine_service:log_requests:80 - ENGINE: GET http://localhost:8002/health | Body: None
2025-08-01 03:51:49.665 | INFO     | src.cognitive_engine_service:log_requests:86 - ENGINE: Response 200 for GET http://localhost:8002/health
2025-08-01 03:51:54.676 | INFO     | src.cognitive_engine_service:log_requests:80 - ENGINE: GET http://localhost:8002/health | Body: None
2025-08-01 03:51:54.678 | INFO     | src.cognitive_engine_service:log_requests:86 - ENGINE: Response 200 for GET http://localhost:8002/health
2025-08-01 03:51:59.656 | INFO     | src.cognitive_engine_service:log_requests:80 - ENGINE: GET http://localhost:8002/health | Body: None
2025-08-01 03:51:59.656 | INFO     | src.cognitive_engine_service:log_requests:86 - ENGINE: Response 200 for GET http://localhost:8002/health
2025-08-01 03:52:04.652 | INFO     | src.cognitive_engine_service:log_requests:80 - ENGINE: GET http://localhost:8002/health | Body: None
2025-08-01 03:52:04.653 | INFO     | src.cognitive_engine_service:log_requests:86 - ENGINE: Response 200 for GET http://localhost:8002/health
2025-08-01 03:52:09.662 | INFO     | src.cognitive_engine_service:log_requests:80 - ENGINE: GET http://localhost:8002/health | Body: None
2025-08-01 03:52:09.663 | INFO     | src.cognitive_engine_service:log_requests:86 - ENGINE: Response 200 for GET http://localhost:8002/health
2025-08-01 03:52:14.669 | INFO     | src.cognitive_engine_service:log_requests:80 - ENGINE: GET http://localhost:8002/health | Body: None
2025-08-01 03:52:14.672 | INFO     | src.cognitive_engine_service:log_requests:86 - ENGINE: Response 200 for GET http://localhost:8002/health
2025-08-01 03:52:19.692 | INFO     | src.cognitive_engine_service:log_requests:80 - ENGINE: GET http://localhost:8002/health | Body: None
2025-08-01 03:52:19.692 | INFO     | src.cognitive_engine_service:log_requests:86 - ENGINE: Response 200 for GET http://localhost:8002/health
2025-08-01 03:52:24.660 | INFO     | src.cognitive_engine_service:log_requests:80 - ENGINE: GET http://localhost:8002/health | Body: None
2025-08-01 03:52:24.660 | INFO     | src.cognitive_engine_service:log_requests:86 - ENGINE: Response 200 for GET http://localhost:8002/health
2025-08-01 03:52:29.687 | INFO     | src.cognitive_engine_service:log_requests:80 - ENGINE: GET http://localhost:8002/health | Body: None
2025-08-01 03:52:29.687 | INFO     | src.cognitive_engine_service:log_requests:86 - ENGINE: Response 200 for GET http://localhost:8002/health
2025-08-01 03:52:34.692 | INFO     | src.cognitive_engine_service:log_requests:80 - ENGINE: GET http://localhost:8002/health | Body: None
2025-08-01 03:52:34.692 | INFO     | src.cognitive_engine_service:log_requests:86 - ENGINE: Response 200 for GET http://localhost:8002/health
2025-08-01 03:52:39.838 | INFO     | src.cognitive_engine_service:log_requests:80 - ENGINE: GET http://localhost:8002/health | Body: None
2025-08-01 03:52:39.838 | INFO     | src.cognitive_engine_service:log_requests:86 - ENGINE: Response 200 for GET http://localhost:8002/health
2025-08-01 03:52:44.672 | INFO     | src.cognitive_engine_service:log_requests:80 - ENGINE: GET http://localhost:8002/health | Body: None
2025-08-01 03:52:44.674 | INFO     | src.cognitive_engine_service:log_requests:86 - ENGINE: Response 200 for GET http://localhost:8002/health
2025-08-01 03:53:08.614 | INFO     | src.cognitive_engine_service:startup_event:323 - ðŸš€ Cognitive AI Engine starting up...
2025-08-01 03:53:10.008 | INFO     | src.cognitive_engine_service:log_requests:80 - ENGINE: GET http://localhost:8002/health | Body: None
2025-08-01 03:53:10.008 | INFO     | src.cognitive_engine_service:log_requests:86 - ENGINE: Response 200 for GET http://localhost:8002/health
2025-08-01 03:53:14.658 | INFO     | src.cognitive_engine_service:log_requests:80 - ENGINE: GET http://localhost:8002/health | Body: None
2025-08-01 03:53:14.661 | INFO     | src.cognitive_engine_service:log_requests:86 - ENGINE: Response 200 for GET http://localhost:8002/health
2025-08-01 03:53:27.524 | INFO     | src.cognitive_engine_service:log_requests:80 - ENGINE: GET http://localhost:8002/health | Body: None
2025-08-01 03:53:27.525 | INFO     | src.cognitive_engine_service:log_requests:86 - ENGINE: Response 200 for GET http://localhost:8002/health
2025-08-01 03:53:32.541 | INFO     | src.cognitive_engine_service:log_requests:80 - ENGINE: GET http://localhost:8002/health | Body: None
2025-08-01 03:53:32.541 | INFO     | src.cognitive_engine_service:log_requests:86 - ENGINE: Response 200 for GET http://localhost:8002/health
2025-08-01 03:53:37.540 | INFO     | src.cognitive_engine_service:log_requests:80 - ENGINE: GET http://localhost:8002/health | Body: None
2025-08-01 03:53:37.541 | INFO     | src.cognitive_engine_service:log_requests:86 - ENGINE: Response 200 for GET http://localhost:8002/health
2025-08-01 03:53:42.538 | INFO     | src.cognitive_engine_service:log_requests:80 - ENGINE: GET http://localhost:8002/health | Body: None
2025-08-01 03:53:42.539 | INFO     | src.cognitive_engine_service:log_requests:86 - ENGINE: Response 200 for GET http://localhost:8002/health
2025-08-01 03:53:47.555 | INFO     | src.cognitive_engine_service:log_requests:80 - ENGINE: GET http://localhost:8002/health | Body: None
2025-08-01 03:53:47.556 | INFO     | src.cognitive_engine_service:log_requests:86 - ENGINE: Response 200 for GET http://localhost:8002/health
2025-08-01 03:53:52.524 | INFO     | src.cognitive_engine_service:log_requests:80 - ENGINE: GET http://localhost:8002/health | Body: None
2025-08-01 03:53:52.524 | INFO     | src.cognitive_engine_service:log_requests:86 - ENGINE: Response 200 for GET http://localhost:8002/health
2025-08-01 03:53:57.678 | INFO     | src.cognitive_engine_service:log_requests:80 - ENGINE: GET http://localhost:8002/health | Body: None
2025-08-01 03:53:57.678 | INFO     | src.cognitive_engine_service:log_requests:86 - ENGINE: Response 200 for GET http://localhost:8002/health
2025-08-01 03:54:02.531 | INFO     | src.cognitive_engine_service:log_requests:80 - ENGINE: GET http://localhost:8002/health | Body: None
2025-08-01 03:54:02.535 | INFO     | src.cognitive_engine_service:log_requests:86 - ENGINE: Response 200 for GET http://localhost:8002/health
2025-08-01 03:54:07.512 | INFO     | src.cognitive_engine_service:log_requests:80 - ENGINE: GET http://localhost:8002/health | Body: None
2025-08-01 03:54:07.512 | INFO     | src.cognitive_engine_service:log_requests:86 - ENGINE: Response 200 for GET http://localhost:8002/health
2025-08-01 03:54:12.553 | INFO     | src.cognitive_engine_service:log_requests:80 - ENGINE: GET http://localhost:8002/health | Body: None
2025-08-01 03:54:12.553 | INFO     | src.cognitive_engine_service:log_requests:86 - ENGINE: Response 200 for GET http://localhost:8002/health
2025-08-01 03:54:17.520 | INFO     | src.cognitive_engine_service:log_requests:80 - ENGINE: GET http://localhost:8002/health | Body: None
2025-08-01 03:54:17.521 | INFO     | src.cognitive_engine_service:log_requests:86 - ENGINE: Response 200 for GET http://localhost:8002/health
2025-08-01 03:54:22.545 | INFO     | src.cognitive_engine_service:log_requests:80 - ENGINE: GET http://localhost:8002/health | Body: None
2025-08-01 03:54:22.548 | INFO     | src.cognitive_engine_service:log_requests:86 - ENGINE: Response 200 for GET http://localhost:8002/health
2025-08-01 03:54:27.536 | INFO     | src.cognitive_engine_service:log_requests:80 - ENGINE: GET http://localhost:8002/health | Body: None
2025-08-01 03:54:27.539 | INFO     | src.cognitive_engine_service:log_requests:86 - ENGINE: Response 200 for GET http://localhost:8002/health
2025-08-01 03:54:32.525 | INFO     | src.cognitive_engine_service:log_requests:80 - ENGINE: GET http://localhost:8002/health | Body: None
2025-08-01 03:54:32.527 | INFO     | src.cognitive_engine_service:log_requests:86 - ENGINE: Response 200 for GET http://localhost:8002/health
2025-08-01 03:54:37.549 | INFO     | src.cognitive_engine_service:log_requests:80 - ENGINE: GET http://localhost:8002/health | Body: None
2025-08-01 03:54:37.551 | INFO     | src.cognitive_engine_service:log_requests:86 - ENGINE: Response 200 for GET http://localhost:8002/health
2025-08-01 03:54:42.549 | INFO     | src.cognitive_engine_service:log_requests:80 - ENGINE: GET http://localhost:8002/health | Body: None
2025-08-01 03:54:42.551 | INFO     | src.cognitive_engine_service:log_requests:86 - ENGINE: Response 200 for GET http://localhost:8002/health
2025-08-01 03:54:47.558 | INFO     | src.cognitive_engine_service:log_requests:80 - ENGINE: GET http://localhost:8002/health | Body: None
2025-08-01 03:54:47.559 | INFO     | src.cognitive_engine_service:log_requests:86 - ENGINE: Response 200 for GET http://localhost:8002/health
2025-08-01 03:54:52.541 | INFO     | src.cognitive_engine_service:log_requests:80 - ENGINE: GET http://localhost:8002/health | Body: None
2025-08-01 03:54:52.541 | INFO     | src.cognitive_engine_service:log_requests:86 - ENGINE: Response 200 for GET http://localhost:8002/health
2025-08-01 03:54:57.562 | INFO     | src.cognitive_engine_service:log_requests:80 - ENGINE: GET http://localhost:8002/health | Body: None
2025-08-01 03:54:57.562 | INFO     | src.cognitive_engine_service:log_requests:86 - ENGINE: Response 200 for GET http://localhost:8002/health
2025-08-01 03:55:02.535 | INFO     | src.cognitive_engine_service:log_requests:80 - ENGINE: GET http://localhost:8002/health | Body: None
2025-08-01 03:55:02.535 | INFO     | src.cognitive_engine_service:log_requests:86 - ENGINE: Response 200 for GET http://localhost:8002/health
2025-08-01 03:55:04.799 | INFO     | src.cognitive_engine_service:shutdown_event:336 - ðŸ›‘ Cognitive AI Engine shutting down...
2025-08-01 03:55:20.626 | INFO     | src.cognitive_engine_service:startup_event:323 - ðŸš€ Cognitive AI Engine starting up...
2025-08-01 03:55:22.715 | INFO     | src.cognitive_engine_service:log_requests:80 - ENGINE: GET http://localhost:8002/health | Body: None
2025-08-01 03:55:22.719 | INFO     | src.cognitive_engine_service:log_requests:86 - ENGINE: Response 200 for GET http://localhost:8002/health
2025-08-01 03:55:25.842 | INFO     | src.cognitive_engine_service:log_requests:80 - ENGINE: GET http://localhost:8002/health | Body: None
2025-08-01 03:55:25.842 | INFO     | src.cognitive_engine_service:log_requests:86 - ENGINE: Response 200 for GET http://localhost:8002/health
2025-08-01 03:55:29.185 | INFO     | src.cognitive_engine_service:log_requests:80 - ENGINE: GET http://localhost:8002/health | Body: None
2025-08-01 03:55:29.185 | INFO     | src.cognitive_engine_service:log_requests:86 - ENGINE: Response 200 for GET http://localhost:8002/health
2025-08-01 03:55:32.350 | INFO     | src.cognitive_engine_service:log_requests:80 - ENGINE: GET http://localhost:8002/health | Body: None
2025-08-01 03:55:32.350 | INFO     | src.cognitive_engine_service:log_requests:86 - ENGINE: Response 200 for GET http://localhost:8002/health
2025-08-01 03:55:35.425 | INFO     | src.cognitive_engine_service:log_requests:80 - ENGINE: GET http://localhost:8002/health | Body: None
2025-08-01 03:55:35.425 | INFO     | src.cognitive_engine_service:log_requests:86 - ENGINE: Response 200 for GET http://localhost:8002/health
2025-08-01 03:55:58.146 | INFO     | src.cognitive_engine_service:log_requests:80 - ENGINE: GET http://localhost:8002/health | Body: None
2025-08-01 03:55:58.149 | INFO     | src.cognitive_engine_service:log_requests:86 - ENGINE: Response 200 for GET http://localhost:8002/health
2025-08-01 03:56:03.134 | INFO     | src.cognitive_engine_service:log_requests:80 - ENGINE: GET http://localhost:8002/health | Body: None
2025-08-01 03:56:03.135 | INFO     | src.cognitive_engine_service:log_requests:86 - ENGINE: Response 200 for GET http://localhost:8002/health
2025-08-01 03:56:08.133 | INFO     | src.cognitive_engine_service:log_requests:80 - ENGINE: GET http://localhost:8002/health | Body: None
2025-08-01 03:56:08.133 | INFO     | src.cognitive_engine_service:log_requests:86 - ENGINE: Response 200 for GET http://localhost:8002/health
2025-08-01 03:56:13.111 | INFO     | src.cognitive_engine_service:log_requests:80 - ENGINE: GET http://localhost:8002/health | Body: None
2025-08-01 03:56:13.114 | INFO     | src.cognitive_engine_service:log_requests:86 - ENGINE: Response 200 for GET http://localhost:8002/health
2025-08-01 03:56:18.128 | INFO     | src.cognitive_engine_service:log_requests:80 - ENGINE: GET http://localhost:8002/health | Body: None
2025-08-01 03:56:18.128 | INFO     | src.cognitive_engine_service:log_requests:86 - ENGINE: Response 200 for GET http://localhost:8002/health
2025-08-01 03:56:23.189 | INFO     | src.cognitive_engine_service:log_requests:80 - ENGINE: GET http://localhost:8002/health | Body: None
2025-08-01 03:56:23.189 | INFO     | src.cognitive_engine_service:log_requests:86 - ENGINE: Response 200 for GET http://localhost:8002/health
2025-08-01 03:56:28.137 | INFO     | src.cognitive_engine_service:log_requests:80 - ENGINE: GET http://localhost:8002/health | Body: None
2025-08-01 03:56:28.137 | INFO     | src.cognitive_engine_service:log_requests:86 - ENGINE: Response 200 for GET http://localhost:8002/health
2025-08-01 03:56:33.144 | INFO     | src.cognitive_engine_service:log_requests:80 - ENGINE: GET http://localhost:8002/health | Body: None
2025-08-01 03:56:33.147 | INFO     | src.cognitive_engine_service:log_requests:86 - ENGINE: Response 200 for GET http://localhost:8002/health
2025-08-01 03:56:38.172 | INFO     | src.cognitive_engine_service:log_requests:80 - ENGINE: GET http://localhost:8002/health | Body: None
2025-08-01 03:56:38.172 | INFO     | src.cognitive_engine_service:log_requests:86 - ENGINE: Response 200 for GET http://localhost:8002/health
2025-08-01 03:56:54.445 | INFO     | src.cognitive_engine_service:shutdown_event:336 - ðŸ›‘ Cognitive AI Engine shutting down...
2025-08-01 03:57:10.178 | INFO     | src.cognitive_engine_service:startup_event:323 - ðŸš€ Cognitive AI Engine starting up...
2025-08-01 03:58:31.570 | INFO     | src.cognitive_engine_service:shutdown_event:336 - ðŸ›‘ Cognitive AI Engine shutting down...
2025-08-01 03:58:50.278 | INFO     | src.cognitive_engine_service:startup_event:323 - ðŸš€ Cognitive AI Engine starting up...
2025-08-01 04:01:22.751 | INFO     | src.cognitive_engine_service:log_requests:80 - ENGINE: GET http://localhost:8002/health | Body: None
2025-08-01 04:01:22.751 | INFO     | src.cognitive_engine_service:log_requests:86 - ENGINE: Response 200 for GET http://localhost:8002/health
2025-08-01 04:01:27.766 | INFO     | src.cognitive_engine_service:log_requests:80 - ENGINE: GET http://localhost:8002/health | Body: None
2025-08-01 04:01:27.768 | INFO     | src.cognitive_engine_service:log_requests:86 - ENGINE: Response 200 for GET http://localhost:8002/health
2025-08-01 04:01:32.757 | INFO     | src.cognitive_engine_service:log_requests:80 - ENGINE: GET http://localhost:8002/health | Body: None
2025-08-01 04:01:32.760 | INFO     | src.cognitive_engine_service:log_requests:86 - ENGINE: Response 200 for GET http://localhost:8002/health
2025-08-01 04:01:37.873 | INFO     | src.cognitive_engine_service:log_requests:80 - ENGINE: GET http://localhost:8002/health | Body: None
2025-08-01 04:01:37.873 | INFO     | src.cognitive_engine_service:log_requests:86 - ENGINE: Response 200 for GET http://localhost:8002/health
2025-08-01 04:01:42.770 | INFO     | src.cognitive_engine_service:log_requests:80 - ENGINE: GET http://localhost:8002/health | Body: None
2025-08-01 04:01:42.772 | INFO     | src.cognitive_engine_service:log_requests:86 - ENGINE: Response 200 for GET http://localhost:8002/health
2025-08-01 04:01:47.744 | INFO     | src.cognitive_engine_service:log_requests:80 - ENGINE: GET http://localhost:8002/health | Body: None
2025-08-01 04:01:47.744 | INFO     | src.cognitive_engine_service:log_requests:86 - ENGINE: Response 200 for GET http://localhost:8002/health
2025-08-01 04:01:52.770 | INFO     | src.cognitive_engine_service:log_requests:80 - ENGINE: GET http://localhost:8002/health | Body: None
2025-08-01 04:01:52.770 | INFO     | src.cognitive_engine_service:log_requests:86 - ENGINE: Response 200 for GET http://localhost:8002/health
2025-08-01 04:01:57.781 | INFO     | src.cognitive_engine_service:log_requests:80 - ENGINE: GET http://localhost:8002/health | Body: None
2025-08-01 04:01:57.781 | INFO     | src.cognitive_engine_service:log_requests:86 - ENGINE: Response 200 for GET http://localhost:8002/health
2025-08-01 04:02:02.766 | INFO     | src.cognitive_engine_service:log_requests:80 - ENGINE: GET http://localhost:8002/health | Body: None
2025-08-01 04:02:02.766 | INFO     | src.cognitive_engine_service:log_requests:86 - ENGINE: Response 200 for GET http://localhost:8002/health
2025-08-01 04:02:07.751 | INFO     | src.cognitive_engine_service:log_requests:80 - ENGINE: GET http://localhost:8002/health | Body: None
2025-08-01 04:02:07.751 | INFO     | src.cognitive_engine_service:log_requests:86 - ENGINE: Response 200 for GET http://localhost:8002/health
2025-08-01 04:02:12.770 | INFO     | src.cognitive_engine_service:log_requests:80 - ENGINE: GET http://localhost:8002/health | Body: None
2025-08-01 04:02:12.770 | INFO     | src.cognitive_engine_service:log_requests:86 - ENGINE: Response 200 for GET http://localhost:8002/health
2025-08-01 04:02:17.739 | INFO     | src.cognitive_engine_service:log_requests:80 - ENGINE: GET http://localhost:8002/health | Body: None
2025-08-01 04:02:17.740 | INFO     | src.cognitive_engine_service:log_requests:86 - ENGINE: Response 200 for GET http://localhost:8002/health
2025-08-01 04:02:22.730 | INFO     | src.cognitive_engine_service:log_requests:80 - ENGINE: GET http://localhost:8002/health | Body: None
2025-08-01 04:02:22.730 | INFO     | src.cognitive_engine_service:log_requests:86 - ENGINE: Response 200 for GET http://localhost:8002/health
2025-08-01 04:02:27.758 | INFO     | src.cognitive_engine_service:log_requests:80 - ENGINE: GET http://localhost:8002/health | Body: None
2025-08-01 04:02:27.759 | INFO     | src.cognitive_engine_service:log_requests:86 - ENGINE: Response 200 for GET http://localhost:8002/health
2025-08-01 04:02:32.766 | INFO     | src.cognitive_engine_service:log_requests:80 - ENGINE: GET http://localhost:8002/health | Body: None
2025-08-01 04:02:32.769 | INFO     | src.cognitive_engine_service:log_requests:86 - ENGINE: Response 200 for GET http://localhost:8002/health
2025-08-01 04:02:37.753 | INFO     | src.cognitive_engine_service:log_requests:80 - ENGINE: GET http://localhost:8002/health | Body: None
2025-08-01 04:02:37.753 | INFO     | src.cognitive_engine_service:log_requests:86 - ENGINE: Response 200 for GET http://localhost:8002/health
2025-08-01 04:02:42.911 | INFO     | src.cognitive_engine_service:log_requests:80 - ENGINE: GET http://localhost:8002/health | Body: None
2025-08-01 04:02:42.914 | INFO     | src.cognitive_engine_service:log_requests:86 - ENGINE: Response 200 for GET http://localhost:8002/health
2025-08-01 04:02:47.922 | INFO     | src.cognitive_engine_service:log_requests:80 - ENGINE: GET http://localhost:8002/health | Body: None
2025-08-01 04:02:47.922 | INFO     | src.cognitive_engine_service:log_requests:86 - ENGINE: Response 200 for GET http://localhost:8002/health
2025-08-01 04:02:52.895 | INFO     | src.cognitive_engine_service:log_requests:80 - ENGINE: GET http://localhost:8002/health | Body: None
2025-08-01 04:02:52.900 | INFO     | src.cognitive_engine_service:log_requests:86 - ENGINE: Response 200 for GET http://localhost:8002/health
2025-08-01 04:02:57.886 | INFO     | src.cognitive_engine_service:log_requests:80 - ENGINE: GET http://localhost:8002/health | Body: None
2025-08-01 04:02:57.889 | INFO     | src.cognitive_engine_service:log_requests:86 - ENGINE: Response 200 for GET http://localhost:8002/health
2025-08-01 04:04:47.794 | INFO     | src.cognitive_engine_service:shutdown_event:336 - ðŸ›‘ Cognitive AI Engine shutting down...
2025-08-01 04:05:05.218 | INFO     | src.cognitive_engine_service:startup_event:323 - ðŸš€ Cognitive AI Engine starting up...
2025-08-01 04:05:43.149 | INFO     | src.cognitive_engine_service:startup_event:323 - ðŸš€ Cognitive AI Engine starting up...
2025-08-01 04:08:39.191 | INFO     | src.cognitive_engine_service:startup_event:323 - ðŸš€ Cognitive AI Engine starting up...
2025-08-01 04:20:10.797 | INFO     | src.cognitive_engine_service:startup_event:323 - ðŸš€ Cognitive AI Engine starting up...
2025-08-01 04:20:43.269 | INFO     | src.cognitive_engine_service:log_requests:80 - ENGINE: GET http://localhost:8002/health | Body: None
2025-08-01 04:20:43.269 | INFO     | src.cognitive_engine_service:log_requests:86 - ENGINE: Response 200 for GET http://localhost:8002/health
2025-08-01 04:20:48.392 | INFO     | src.cognitive_engine_service:log_requests:80 - ENGINE: GET http://localhost:8002/health | Body: None
2025-08-01 04:20:48.392 | INFO     | src.cognitive_engine_service:log_requests:86 - ENGINE: Response 200 for GET http://localhost:8002/health
2025-08-01 04:20:53.375 | INFO     | src.cognitive_engine_service:log_requests:80 - ENGINE: GET http://localhost:8002/health | Body: None
2025-08-01 04:20:53.375 | INFO     | src.cognitive_engine_service:log_requests:86 - ENGINE: Response 200 for GET http://localhost:8002/health
2025-08-01 04:20:58.246 | INFO     | src.cognitive_engine_service:log_requests:80 - ENGINE: GET http://localhost:8002/health | Body: None
2025-08-01 04:20:58.248 | INFO     | src.cognitive_engine_service:log_requests:86 - ENGINE: Response 200 for GET http://localhost:8002/health
2025-08-01 04:21:03.253 | INFO     | src.cognitive_engine_service:log_requests:80 - ENGINE: GET http://localhost:8002/health | Body: None
2025-08-01 04:21:03.254 | INFO     | src.cognitive_engine_service:log_requests:86 - ENGINE: Response 200 for GET http://localhost:8002/health
2025-08-01 04:21:08.256 | INFO     | src.cognitive_engine_service:log_requests:80 - ENGINE: GET http://localhost:8002/health | Body: None
2025-08-01 04:21:08.258 | INFO     | src.cognitive_engine_service:log_requests:86 - ENGINE: Response 200 for GET http://localhost:8002/health
2025-08-01 04:21:13.254 | INFO     | src.cognitive_engine_service:log_requests:80 - ENGINE: GET http://localhost:8002/health | Body: None
2025-08-01 04:21:13.256 | INFO     | src.cognitive_engine_service:log_requests:86 - ENGINE: Response 200 for GET http://localhost:8002/health
2025-08-01 04:21:18.381 | INFO     | src.cognitive_engine_service:log_requests:80 - ENGINE: GET http://localhost:8002/health | Body: None
2025-08-01 04:21:18.383 | INFO     | src.cognitive_engine_service:log_requests:86 - ENGINE: Response 200 for GET http://localhost:8002/health
2025-08-01 04:21:23.376 | INFO     | src.cognitive_engine_service:log_requests:80 - ENGINE: GET http://localhost:8002/health | Body: None
2025-08-01 04:21:23.378 | INFO     | src.cognitive_engine_service:log_requests:86 - ENGINE: Response 200 for GET http://localhost:8002/health
2025-08-01 04:21:28.250 | INFO     | src.cognitive_engine_service:log_requests:80 - ENGINE: GET http://localhost:8002/health | Body: None
2025-08-01 04:21:28.250 | INFO     | src.cognitive_engine_service:log_requests:86 - ENGINE: Response 200 for GET http://localhost:8002/health
2025-08-01 04:21:33.269 | INFO     | src.cognitive_engine_service:log_requests:80 - ENGINE: GET http://localhost:8002/health | Body: None
2025-08-01 04:21:33.272 | INFO     | src.cognitive_engine_service:log_requests:86 - ENGINE: Response 200 for GET http://localhost:8002/health
2025-08-01 04:21:38.239 | INFO     | src.cognitive_engine_service:log_requests:80 - ENGINE: GET http://localhost:8002/health | Body: None
2025-08-01 04:21:38.241 | INFO     | src.cognitive_engine_service:log_requests:86 - ENGINE: Response 200 for GET http://localhost:8002/health
2025-08-01 04:21:43.410 | INFO     | src.cognitive_engine_service:log_requests:80 - ENGINE: GET http://localhost:8002/health | Body: None
2025-08-01 04:21:43.410 | INFO     | src.cognitive_engine_service:log_requests:86 - ENGINE: Response 200 for GET http://localhost:8002/health
2025-08-01 04:21:48.251 | INFO     | src.cognitive_engine_service:log_requests:80 - ENGINE: GET http://localhost:8002/health | Body: None
2025-08-01 04:21:48.251 | INFO     | src.cognitive_engine_service:log_requests:86 - ENGINE: Response 200 for GET http://localhost:8002/health
2025-08-01 04:21:53.297 | INFO     | src.cognitive_engine_service:log_requests:80 - ENGINE: GET http://localhost:8002/health | Body: None
2025-08-01 04:21:53.299 | INFO     | src.cognitive_engine_service:log_requests:86 - ENGINE: Response 200 for GET http://localhost:8002/health
2025-08-01 04:21:58.255 | INFO     | src.cognitive_engine_service:log_requests:80 - ENGINE: GET http://localhost:8002/health | Body: None
2025-08-01 04:21:58.255 | INFO     | src.cognitive_engine_service:log_requests:86 - ENGINE: Response 200 for GET http://localhost:8002/health
2025-08-01 04:22:03.263 | INFO     | src.cognitive_engine_service:log_requests:80 - ENGINE: GET http://localhost:8002/health | Body: None
2025-08-01 04:22:03.263 | INFO     | src.cognitive_engine_service:log_requests:86 - ENGINE: Response 200 for GET http://localhost:8002/health
2025-08-01 04:22:08.260 | INFO     | src.cognitive_engine_service:log_requests:80 - ENGINE: GET http://localhost:8002/health | Body: None
2025-08-01 04:22:08.262 | INFO     | src.cognitive_engine_service:log_requests:86 - ENGINE: Response 200 for GET http://localhost:8002/health
2025-08-01 04:22:13.290 | INFO     | src.cognitive_engine_service:log_requests:80 - ENGINE: GET http://localhost:8002/health | Body: None
2025-08-01 04:22:13.290 | INFO     | src.cognitive_engine_service:log_requests:86 - ENGINE: Response 200 for GET http://localhost:8002/health
2025-08-01 04:22:18.242 | INFO     | src.cognitive_engine_service:log_requests:80 - ENGINE: GET http://localhost:8002/health | Body: None
2025-08-01 04:22:18.244 | INFO     | src.cognitive_engine_service:log_requests:86 - ENGINE: Response 200 for GET http://localhost:8002/health
2025-08-01 04:22:23.252 | INFO     | src.cognitive_engine_service:log_requests:80 - ENGINE: GET http://localhost:8002/health | Body: None
2025-08-01 04:22:23.261 | INFO     | src.cognitive_engine_service:log_requests:86 - ENGINE: Response 200 for GET http://localhost:8002/health
2025-08-01 04:24:16.766 | INFO     | src.cognitive_engine_service:log_requests:80 - ENGINE: GET http://localhost:8002/health | Body: None
2025-08-01 04:24:16.766 | INFO     | src.cognitive_engine_service:log_requests:86 - ENGINE: Response 200 for GET http://localhost:8002/health
2025-08-01 04:24:21.902 | INFO     | src.cognitive_engine_service:log_requests:80 - ENGINE: GET http://localhost:8002/health | Body: None
2025-08-01 04:24:21.904 | INFO     | src.cognitive_engine_service:log_requests:86 - ENGINE: Response 200 for GET http://localhost:8002/health
2025-08-01 04:24:45.187 | INFO     | src.cognitive_engine_service:startup_event:323 - ðŸš€ Cognitive AI Engine starting up...
2025-08-01 04:24:52.579 | INFO     | src.cognitive_engine_service:log_requests:80 - ENGINE: GET http://localhost:8002/health | Body: None
2025-08-01 04:24:52.579 | INFO     | src.cognitive_engine_service:log_requests:86 - ENGINE: Response 200 for GET http://localhost:8002/health
2025-08-01 04:24:57.557 | INFO     | src.cognitive_engine_service:log_requests:80 - ENGINE: GET http://localhost:8002/health | Body: None
2025-08-01 04:24:57.557 | INFO     | src.cognitive_engine_service:log_requests:86 - ENGINE: Response 200 for GET http://localhost:8002/health
2025-08-01 04:25:02.691 | INFO     | src.cognitive_engine_service:log_requests:80 - ENGINE: GET http://localhost:8002/health | Body: None
2025-08-01 04:25:02.691 | INFO     | src.cognitive_engine_service:log_requests:86 - ENGINE: Response 200 for GET http://localhost:8002/health
2025-08-01 04:25:07.736 | INFO     | src.cognitive_engine_service:log_requests:80 - ENGINE: GET http://localhost:8002/health | Body: None
2025-08-01 04:25:07.736 | INFO     | src.cognitive_engine_service:log_requests:86 - ENGINE: Response 200 for GET http://localhost:8002/health
2025-08-01 04:25:12.756 | INFO     | src.cognitive_engine_service:log_requests:80 - ENGINE: GET http://localhost:8002/health | Body: None
2025-08-01 04:25:12.756 | INFO     | src.cognitive_engine_service:log_requests:86 - ENGINE: Response 200 for GET http://localhost:8002/health
2025-08-01 04:25:17.587 | INFO     | src.cognitive_engine_service:log_requests:80 - ENGINE: GET http://localhost:8002/health | Body: None
2025-08-01 04:25:17.590 | INFO     | src.cognitive_engine_service:log_requests:86 - ENGINE: Response 200 for GET http://localhost:8002/health
2025-08-01 04:25:22.577 | INFO     | src.cognitive_engine_service:log_requests:80 - ENGINE: GET http://localhost:8002/health | Body: None
2025-08-01 04:25:22.580 | INFO     | src.cognitive_engine_service:log_requests:86 - ENGINE: Response 200 for GET http://localhost:8002/health
2025-08-01 04:25:27.576 | INFO     | src.cognitive_engine_service:log_requests:80 - ENGINE: GET http://localhost:8002/health | Body: None
2025-08-01 04:25:27.576 | INFO     | src.cognitive_engine_service:log_requests:86 - ENGINE: Response 200 for GET http://localhost:8002/health
2025-08-01 04:25:32.562 | INFO     | src.cognitive_engine_service:log_requests:80 - ENGINE: GET http://localhost:8002/health | Body: None
2025-08-01 04:25:32.565 | INFO     | src.cognitive_engine_service:log_requests:86 - ENGINE: Response 200 for GET http://localhost:8002/health
2025-08-01 04:25:37.572 | INFO     | src.cognitive_engine_service:log_requests:80 - ENGINE: GET http://localhost:8002/health | Body: None
2025-08-01 04:25:37.576 | INFO     | src.cognitive_engine_service:log_requests:86 - ENGINE: Response 200 for GET http://localhost:8002/health
2025-08-01 04:25:42.702 | INFO     | src.cognitive_engine_service:log_requests:80 - ENGINE: GET http://localhost:8002/health | Body: None
2025-08-01 04:25:42.703 | INFO     | src.cognitive_engine_service:log_requests:86 - ENGINE: Response 200 for GET http://localhost:8002/health
2025-08-01 04:25:47.679 | INFO     | src.cognitive_engine_service:log_requests:80 - ENGINE: GET http://localhost:8002/health | Body: None
2025-08-01 04:25:47.680 | INFO     | src.cognitive_engine_service:log_requests:86 - ENGINE: Response 200 for GET http://localhost:8002/health
2025-08-01 04:25:52.568 | INFO     | src.cognitive_engine_service:log_requests:80 - ENGINE: GET http://localhost:8002/health | Body: None
2025-08-01 04:25:52.568 | INFO     | src.cognitive_engine_service:log_requests:86 - ENGINE: Response 200 for GET http://localhost:8002/health
2025-08-01 04:26:03.501 | INFO     | src.cognitive_engine_service:log_requests:80 - ENGINE: GET http://localhost:8002/health | Body: None
2025-08-01 04:26:03.501 | INFO     | src.cognitive_engine_service:log_requests:86 - ENGINE: Response 200 for GET http://localhost:8002/health
2025-08-01 04:26:08.500 | INFO     | src.cognitive_engine_service:log_requests:80 - ENGINE: GET http://localhost:8002/health | Body: None
2025-08-01 04:26:08.500 | INFO     | src.cognitive_engine_service:log_requests:86 - ENGINE: Response 200 for GET http://localhost:8002/health
2025-08-01 04:26:13.516 | INFO     | src.cognitive_engine_service:log_requests:80 - ENGINE: GET http://localhost:8002/health | Body: None
2025-08-01 04:26:13.516 | INFO     | src.cognitive_engine_service:log_requests:86 - ENGINE: Response 200 for GET http://localhost:8002/health
2025-08-01 04:26:18.501 | INFO     | src.cognitive_engine_service:log_requests:80 - ENGINE: GET http://localhost:8002/health | Body: None
2025-08-01 04:26:18.502 | INFO     | src.cognitive_engine_service:log_requests:86 - ENGINE: Response 200 for GET http://localhost:8002/health
2025-08-01 04:26:23.515 | INFO     | src.cognitive_engine_service:log_requests:80 - ENGINE: GET http://localhost:8002/health | Body: None
2025-08-01 04:26:23.515 | INFO     | src.cognitive_engine_service:log_requests:86 - ENGINE: Response 200 for GET http://localhost:8002/health
2025-08-01 04:26:28.542 | INFO     | src.cognitive_engine_service:log_requests:80 - ENGINE: GET http://localhost:8002/health | Body: None
2025-08-01 04:26:28.544 | INFO     | src.cognitive_engine_service:log_requests:86 - ENGINE: Response 200 for GET http://localhost:8002/health
2025-08-01 04:26:33.527 | INFO     | src.cognitive_engine_service:log_requests:80 - ENGINE: GET http://localhost:8002/health | Body: None
2025-08-01 04:26:33.527 | INFO     | src.cognitive_engine_service:log_requests:86 - ENGINE: Response 200 for GET http://localhost:8002/health
2025-08-01 04:26:38.541 | INFO     | src.cognitive_engine_service:log_requests:80 - ENGINE: GET http://localhost:8002/health | Body: None
2025-08-01 04:26:38.541 | INFO     | src.cognitive_engine_service:log_requests:86 - ENGINE: Response 200 for GET http://localhost:8002/health
2025-08-01 04:26:43.501 | INFO     | src.cognitive_engine_service:log_requests:80 - ENGINE: GET http://localhost:8002/health | Body: None
2025-08-01 04:26:43.501 | INFO     | src.cognitive_engine_service:log_requests:86 - ENGINE: Response 200 for GET http://localhost:8002/health
2025-08-01 04:26:48.493 | INFO     | src.cognitive_engine_service:log_requests:80 - ENGINE: GET http://localhost:8002/health | Body: None
2025-08-01 04:26:48.495 | INFO     | src.cognitive_engine_service:log_requests:86 - ENGINE: Response 200 for GET http://localhost:8002/health
2025-08-01 04:26:53.509 | INFO     | src.cognitive_engine_service:log_requests:80 - ENGINE: GET http://localhost:8002/health | Body: None
2025-08-01 04:26:53.509 | INFO     | src.cognitive_engine_service:log_requests:86 - ENGINE: Response 200 for GET http://localhost:8002/health
2025-08-01 04:26:58.510 | INFO     | src.cognitive_engine_service:log_requests:80 - ENGINE: GET http://localhost:8002/health | Body: None
2025-08-01 04:26:58.510 | INFO     | src.cognitive_engine_service:log_requests:86 - ENGINE: Response 200 for GET http://localhost:8002/health
2025-08-01 04:27:03.530 | INFO     | src.cognitive_engine_service:log_requests:80 - ENGINE: GET http://localhost:8002/health | Body: None
2025-08-01 04:27:03.530 | INFO     | src.cognitive_engine_service:log_requests:86 - ENGINE: Response 200 for GET http://localhost:8002/health
2025-08-01 04:27:08.502 | INFO     | src.cognitive_engine_service:log_requests:80 - ENGINE: GET http://localhost:8002/health | Body: None
2025-08-01 04:27:08.505 | INFO     | src.cognitive_engine_service:log_requests:86 - ENGINE: Response 200 for GET http://localhost:8002/health
2025-08-01 04:27:13.511 | INFO     | src.cognitive_engine_service:log_requests:80 - ENGINE: GET http://localhost:8002/health | Body: None
2025-08-01 04:27:13.511 | INFO     | src.cognitive_engine_service:log_requests:86 - ENGINE: Response 200 for GET http://localhost:8002/health
2025-08-01 04:27:18.563 | INFO     | src.cognitive_engine_service:log_requests:80 - ENGINE: GET http://localhost:8002/health | Body: None
2025-08-01 04:27:18.563 | INFO     | src.cognitive_engine_service:log_requests:86 - ENGINE: Response 200 for GET http://localhost:8002/health
2025-08-01 04:27:23.514 | INFO     | src.cognitive_engine_service:log_requests:80 - ENGINE: GET http://localhost:8002/health | Body: None
2025-08-01 04:27:23.517 | INFO     | src.cognitive_engine_service:log_requests:86 - ENGINE: Response 200 for GET http://localhost:8002/health
2025-08-01 04:27:28.515 | INFO     | src.cognitive_engine_service:log_requests:80 - ENGINE: GET http://localhost:8002/health | Body: None
2025-08-01 04:27:28.517 | INFO     | src.cognitive_engine_service:log_requests:86 - ENGINE: Response 200 for GET http://localhost:8002/health
2025-08-01 04:27:33.518 | INFO     | src.cognitive_engine_service:log_requests:80 - ENGINE: GET http://localhost:8002/health | Body: None
2025-08-01 04:27:33.518 | INFO     | src.cognitive_engine_service:log_requests:86 - ENGINE: Response 200 for GET http://localhost:8002/health
2025-08-01 04:27:38.627 | INFO     | src.cognitive_engine_service:log_requests:80 - ENGINE: GET http://localhost:8002/health | Body: None
2025-08-01 04:27:38.627 | INFO     | src.cognitive_engine_service:log_requests:86 - ENGINE: Response 200 for GET http://localhost:8002/health
2025-08-01 04:27:43.522 | INFO     | src.cognitive_engine_service:log_requests:80 - ENGINE: GET http://localhost:8002/health | Body: None
2025-08-01 04:27:43.525 | INFO     | src.cognitive_engine_service:log_requests:86 - ENGINE: Response 200 for GET http://localhost:8002/health
2025-08-01 04:27:48.515 | INFO     | src.cognitive_engine_service:log_requests:80 - ENGINE: GET http://localhost:8002/health | Body: None
2025-08-01 04:27:48.518 | INFO     | src.cognitive_engine_service:log_requests:86 - ENGINE: Response 200 for GET http://localhost:8002/health
2025-08-01 04:27:53.631 | INFO     | src.cognitive_engine_service:log_requests:80 - ENGINE: GET http://localhost:8002/health | Body: None
2025-08-01 04:27:53.631 | INFO     | src.cognitive_engine_service:log_requests:86 - ENGINE: Response 200 for GET http://localhost:8002/health
2025-08-01 04:27:58.531 | INFO     | src.cognitive_engine_service:log_requests:80 - ENGINE: GET http://localhost:8002/health | Body: None
2025-08-01 04:27:58.532 | INFO     | src.cognitive_engine_service:log_requests:86 - ENGINE: Response 200 for GET http://localhost:8002/health
2025-08-01 04:28:03.514 | INFO     | src.cognitive_engine_service:log_requests:80 - ENGINE: GET http://localhost:8002/health | Body: None
2025-08-01 04:28:03.514 | INFO     | src.cognitive_engine_service:log_requests:86 - ENGINE: Response 200 for GET http://localhost:8002/health
2025-08-01 04:28:08.531 | INFO     | src.cognitive_engine_service:log_requests:80 - ENGINE: GET http://localhost:8002/health | Body: None
2025-08-01 04:28:08.531 | INFO     | src.cognitive_engine_service:log_requests:86 - ENGINE: Response 200 for GET http://localhost:8002/health
2025-08-01 04:28:13.522 | INFO     | src.cognitive_engine_service:log_requests:80 - ENGINE: GET http://localhost:8002/health | Body: None
2025-08-01 04:28:13.522 | INFO     | src.cognitive_engine_service:log_requests:86 - ENGINE: Response 200 for GET http://localhost:8002/health
2025-08-01 04:28:18.500 | INFO     | src.cognitive_engine_service:log_requests:80 - ENGINE: GET http://localhost:8002/health | Body: None
2025-08-01 04:28:18.503 | INFO     | src.cognitive_engine_service:log_requests:86 - ENGINE: Response 200 for GET http://localhost:8002/health
2025-08-01 04:28:23.629 | INFO     | src.cognitive_engine_service:log_requests:80 - ENGINE: GET http://localhost:8002/health | Body: None
2025-08-01 04:28:23.632 | INFO     | src.cognitive_engine_service:log_requests:86 - ENGINE: Response 200 for GET http://localhost:8002/health
2025-08-01 04:28:28.510 | INFO     | src.cognitive_engine_service:log_requests:80 - ENGINE: GET http://localhost:8002/health | Body: None
2025-08-01 04:28:28.512 | INFO     | src.cognitive_engine_service:log_requests:86 - ENGINE: Response 200 for GET http://localhost:8002/health
2025-08-01 04:28:33.533 | INFO     | src.cognitive_engine_service:log_requests:80 - ENGINE: GET http://localhost:8002/health | Body: None
2025-08-01 04:28:33.537 | INFO     | src.cognitive_engine_service:log_requests:86 - ENGINE: Response 200 for GET http://localhost:8002/health
2025-08-01 04:28:38.666 | INFO     | src.cognitive_engine_service:log_requests:80 - ENGINE: GET http://localhost:8002/health | Body: None
2025-08-01 04:28:38.666 | INFO     | src.cognitive_engine_service:log_requests:86 - ENGINE: Response 200 for GET http://localhost:8002/health
2025-08-01 04:28:43.682 | INFO     | src.cognitive_engine_service:log_requests:80 - ENGINE: GET http://localhost:8002/health | Body: None
2025-08-01 04:28:43.682 | INFO     | src.cognitive_engine_service:log_requests:86 - ENGINE: Response 200 for GET http://localhost:8002/health
2025-08-01 04:28:48.525 | INFO     | src.cognitive_engine_service:log_requests:80 - ENGINE: GET http://localhost:8002/health | Body: None
2025-08-01 04:28:48.526 | INFO     | src.cognitive_engine_service:log_requests:86 - ENGINE: Response 200 for GET http://localhost:8002/health
2025-08-01 04:28:53.527 | INFO     | src.cognitive_engine_service:log_requests:80 - ENGINE: GET http://localhost:8002/health | Body: None
2025-08-01 04:28:53.527 | INFO     | src.cognitive_engine_service:log_requests:86 - ENGINE: Response 200 for GET http://localhost:8002/health
2025-08-01 04:28:58.550 | INFO     | src.cognitive_engine_service:log_requests:80 - ENGINE: GET http://localhost:8002/health | Body: None
2025-08-01 04:28:58.550 | INFO     | src.cognitive_engine_service:log_requests:86 - ENGINE: Response 200 for GET http://localhost:8002/health
2025-08-01 04:29:03.521 | INFO     | src.cognitive_engine_service:log_requests:80 - ENGINE: GET http://localhost:8002/health | Body: None
2025-08-01 04:29:03.521 | INFO     | src.cognitive_engine_service:log_requests:86 - ENGINE: Response 200 for GET http://localhost:8002/health
2025-08-01 04:29:08.558 | INFO     | src.cognitive_engine_service:log_requests:80 - ENGINE: GET http://localhost:8002/health | Body: None
2025-08-01 04:29:08.558 | INFO     | src.cognitive_engine_service:log_requests:86 - ENGINE: Response 200 for GET http://localhost:8002/health
2025-08-01 04:29:13.551 | INFO     | src.cognitive_engine_service:log_requests:80 - ENGINE: GET http://localhost:8002/health | Body: None
2025-08-01 04:29:13.551 | INFO     | src.cognitive_engine_service:log_requests:86 - ENGINE: Response 200 for GET http://localhost:8002/health
2025-08-01 04:29:18.542 | INFO     | src.cognitive_engine_service:log_requests:80 - ENGINE: GET http://localhost:8002/health | Body: None
2025-08-01 04:29:18.542 | INFO     | src.cognitive_engine_service:log_requests:86 - ENGINE: Response 200 for GET http://localhost:8002/health
2025-08-01 04:29:23.545 | INFO     | src.cognitive_engine_service:log_requests:80 - ENGINE: GET http://localhost:8002/health | Body: None
2025-08-01 04:29:23.545 | INFO     | src.cognitive_engine_service:log_requests:86 - ENGINE: Response 200 for GET http://localhost:8002/health
2025-08-01 04:29:28.502 | INFO     | src.cognitive_engine_service:log_requests:80 - ENGINE: GET http://localhost:8002/health | Body: None
2025-08-01 04:29:28.504 | INFO     | src.cognitive_engine_service:log_requests:86 - ENGINE: Response 200 for GET http://localhost:8002/health
2025-08-01 04:29:33.527 | INFO     | src.cognitive_engine_service:log_requests:80 - ENGINE: GET http://localhost:8002/health | Body: None
2025-08-01 04:29:33.529 | INFO     | src.cognitive_engine_service:log_requests:86 - ENGINE: Response 200 for GET http://localhost:8002/health
2025-08-01 04:29:38.515 | INFO     | src.cognitive_engine_service:log_requests:80 - ENGINE: GET http://localhost:8002/health | Body: None
2025-08-01 04:29:38.518 | INFO     | src.cognitive_engine_service:log_requests:86 - ENGINE: Response 200 for GET http://localhost:8002/health
2025-08-01 04:29:43.516 | INFO     | src.cognitive_engine_service:log_requests:80 - ENGINE: GET http://localhost:8002/health | Body: None
2025-08-01 04:29:43.516 | INFO     | src.cognitive_engine_service:log_requests:86 - ENGINE: Response 200 for GET http://localhost:8002/health
2025-08-01 04:29:48.512 | INFO     | src.cognitive_engine_service:log_requests:80 - ENGINE: GET http://localhost:8002/health | Body: None
2025-08-01 04:29:48.512 | INFO     | src.cognitive_engine_service:log_requests:86 - ENGINE: Response 200 for GET http://localhost:8002/health
2025-08-01 04:29:53.493 | INFO     | src.cognitive_engine_service:log_requests:80 - ENGINE: GET http://localhost:8002/health | Body: None
2025-08-01 04:29:53.493 | INFO     | src.cognitive_engine_service:log_requests:86 - ENGINE: Response 200 for GET http://localhost:8002/health
2025-08-01 04:29:58.515 | INFO     | src.cognitive_engine_service:log_requests:80 - ENGINE: GET http://localhost:8002/health | Body: None
2025-08-01 04:29:58.516 | INFO     | src.cognitive_engine_service:log_requests:86 - ENGINE: Response 200 for GET http://localhost:8002/health
2025-08-01 04:30:03.514 | INFO     | src.cognitive_engine_service:log_requests:80 - ENGINE: GET http://localhost:8002/health | Body: None
2025-08-01 04:30:03.516 | INFO     | src.cognitive_engine_service:log_requests:86 - ENGINE: Response 200 for GET http://localhost:8002/health
2025-08-01 04:30:08.503 | INFO     | src.cognitive_engine_service:log_requests:80 - ENGINE: GET http://localhost:8002/health | Body: None
2025-08-01 04:30:08.506 | INFO     | src.cognitive_engine_service:log_requests:86 - ENGINE: Response 200 for GET http://localhost:8002/health
2025-08-01 04:30:15.114 | INFO     | src.cognitive_engine_service:log_requests:80 - ENGINE: GET http://localhost:8002/health | Body: None
2025-08-01 04:30:15.115 | INFO     | src.cognitive_engine_service:log_requests:86 - ENGINE: Response 200 for GET http://localhost:8002/health
2025-08-01 04:30:20.140 | INFO     | src.cognitive_engine_service:log_requests:80 - ENGINE: GET http://localhost:8002/health | Body: None
2025-08-01 04:30:20.142 | INFO     | src.cognitive_engine_service:log_requests:86 - ENGINE: Response 200 for GET http://localhost:8002/health
2025-08-01 04:30:25.145 | INFO     | src.cognitive_engine_service:log_requests:80 - ENGINE: GET http://localhost:8002/health | Body: None
2025-08-01 04:30:25.145 | INFO     | src.cognitive_engine_service:log_requests:86 - ENGINE: Response 200 for GET http://localhost:8002/health
2025-08-01 04:30:30.132 | INFO     | src.cognitive_engine_service:log_requests:80 - ENGINE: GET http://localhost:8002/health | Body: None
2025-08-01 04:30:30.134 | INFO     | src.cognitive_engine_service:log_requests:86 - ENGINE: Response 200 for GET http://localhost:8002/health
2025-08-01 04:30:35.141 | INFO     | src.cognitive_engine_service:log_requests:80 - ENGINE: GET http://localhost:8002/health | Body: None
2025-08-01 04:30:35.144 | INFO     | src.cognitive_engine_service:log_requests:86 - ENGINE: Response 200 for GET http://localhost:8002/health
2025-08-01 04:30:40.129 | INFO     | src.cognitive_engine_service:log_requests:80 - ENGINE: GET http://localhost:8002/health | Body: None
2025-08-01 04:30:40.130 | INFO     | src.cognitive_engine_service:log_requests:86 - ENGINE: Response 200 for GET http://localhost:8002/health
2025-08-01 04:30:45.171 | INFO     | src.cognitive_engine_service:log_requests:80 - ENGINE: GET http://localhost:8002/health | Body: None
2025-08-01 04:30:45.172 | INFO     | src.cognitive_engine_service:log_requests:86 - ENGINE: Response 200 for GET http://localhost:8002/health
2025-08-01 04:30:50.260 | INFO     | src.cognitive_engine_service:log_requests:80 - ENGINE: GET http://localhost:8002/health | Body: None
2025-08-01 04:30:50.262 | INFO     | src.cognitive_engine_service:log_requests:86 - ENGINE: Response 200 for GET http://localhost:8002/health
2025-08-01 04:30:55.154 | INFO     | src.cognitive_engine_service:log_requests:80 - ENGINE: GET http://localhost:8002/health | Body: None
2025-08-01 04:30:55.156 | INFO     | src.cognitive_engine_service:log_requests:86 - ENGINE: Response 200 for GET http://localhost:8002/health
2025-08-01 04:31:00.120 | INFO     | src.cognitive_engine_service:log_requests:80 - ENGINE: GET http://localhost:8002/health | Body: None
2025-08-01 04:31:00.120 | INFO     | src.cognitive_engine_service:log_requests:86 - ENGINE: Response 200 for GET http://localhost:8002/health
2025-08-01 04:31:05.124 | INFO     | src.cognitive_engine_service:log_requests:80 - ENGINE: GET http://localhost:8002/health | Body: None
2025-08-01 04:31:05.126 | INFO     | src.cognitive_engine_service:log_requests:86 - ENGINE: Response 200 for GET http://localhost:8002/health
2025-08-01 04:31:10.155 | INFO     | src.cognitive_engine_service:log_requests:80 - ENGINE: GET http://localhost:8002/health | Body: None
2025-08-01 04:31:10.155 | INFO     | src.cognitive_engine_service:log_requests:86 - ENGINE: Response 200 for GET http://localhost:8002/health
2025-08-01 04:31:15.285 | INFO     | src.cognitive_engine_service:log_requests:80 - ENGINE: GET http://localhost:8002/health | Body: None
2025-08-01 04:31:15.286 | INFO     | src.cognitive_engine_service:log_requests:86 - ENGINE: Response 200 for GET http://localhost:8002/health
2025-08-01 04:31:20.118 | INFO     | src.cognitive_engine_service:log_requests:80 - ENGINE: GET http://localhost:8002/health | Body: None
2025-08-01 04:31:20.118 | INFO     | src.cognitive_engine_service:log_requests:86 - ENGINE: Response 200 for GET http://localhost:8002/health
2025-08-01 04:31:25.140 | INFO     | src.cognitive_engine_service:log_requests:80 - ENGINE: GET http://localhost:8002/health | Body: None
2025-08-01 04:31:25.140 | INFO     | src.cognitive_engine_service:log_requests:86 - ENGINE: Response 200 for GET http://localhost:8002/health
2025-08-01 04:31:30.170 | INFO     | src.cognitive_engine_service:log_requests:80 - ENGINE: GET http://localhost:8002/health | Body: None
2025-08-01 04:31:30.170 | INFO     | src.cognitive_engine_service:log_requests:86 - ENGINE: Response 200 for GET http://localhost:8002/health
2025-08-01 04:31:35.149 | INFO     | src.cognitive_engine_service:log_requests:80 - ENGINE: GET http://localhost:8002/health | Body: None
2025-08-01 04:31:35.152 | INFO     | src.cognitive_engine_service:log_requests:86 - ENGINE: Response 200 for GET http://localhost:8002/health
2025-08-01 04:31:40.274 | INFO     | src.cognitive_engine_service:log_requests:80 - ENGINE: GET http://localhost:8002/health | Body: None
2025-08-01 04:31:40.276 | INFO     | src.cognitive_engine_service:log_requests:86 - ENGINE: Response 200 for GET http://localhost:8002/health
2025-08-01 04:31:45.155 | INFO     | src.cognitive_engine_service:log_requests:80 - ENGINE: GET http://localhost:8002/health | Body: None
2025-08-01 04:31:45.156 | INFO     | src.cognitive_engine_service:log_requests:86 - ENGINE: Response 200 for GET http://localhost:8002/health
2025-08-01 04:31:50.138 | INFO     | src.cognitive_engine_service:log_requests:80 - ENGINE: GET http://localhost:8002/health | Body: None
2025-08-01 04:31:50.138 | INFO     | src.cognitive_engine_service:log_requests:86 - ENGINE: Response 200 for GET http://localhost:8002/health
2025-08-01 04:31:55.137 | INFO     | src.cognitive_engine_service:log_requests:80 - ENGINE: GET http://localhost:8002/health | Body: None
2025-08-01 04:31:55.138 | INFO     | src.cognitive_engine_service:log_requests:86 - ENGINE: Response 200 for GET http://localhost:8002/health
2025-08-01 04:32:00.147 | INFO     | src.cognitive_engine_service:log_requests:80 - ENGINE: GET http://localhost:8002/health | Body: None
2025-08-01 04:32:00.149 | INFO     | src.cognitive_engine_service:log_requests:86 - ENGINE: Response 200 for GET http://localhost:8002/health
2025-08-01 04:32:05.154 | INFO     | src.cognitive_engine_service:log_requests:80 - ENGINE: GET http://localhost:8002/health | Body: None
2025-08-01 04:32:05.157 | INFO     | src.cognitive_engine_service:log_requests:86 - ENGINE: Response 200 for GET http://localhost:8002/health
2025-08-01 04:32:10.135 | INFO     | src.cognitive_engine_service:log_requests:80 - ENGINE: GET http://localhost:8002/health | Body: None
2025-08-01 04:32:10.138 | INFO     | src.cognitive_engine_service:log_requests:86 - ENGINE: Response 200 for GET http://localhost:8002/health
2025-08-01 04:32:15.151 | INFO     | src.cognitive_engine_service:log_requests:80 - ENGINE: GET http://localhost:8002/health | Body: None
2025-08-01 04:32:15.152 | INFO     | src.cognitive_engine_service:log_requests:86 - ENGINE: Response 200 for GET http://localhost:8002/health
2025-08-01 04:32:20.274 | INFO     | src.cognitive_engine_service:log_requests:80 - ENGINE: GET http://localhost:8002/health | Body: None
2025-08-01 04:32:20.274 | INFO     | src.cognitive_engine_service:log_requests:86 - ENGINE: Response 200 for GET http://localhost:8002/health
2025-08-01 04:32:25.144 | INFO     | src.cognitive_engine_service:log_requests:80 - ENGINE: GET http://localhost:8002/health | Body: None
2025-08-01 04:32:25.144 | INFO     | src.cognitive_engine_service:log_requests:86 - ENGINE: Response 200 for GET http://localhost:8002/health
2025-08-01 04:33:11.429 | INFO     | src.cognitive_engine_service:log_requests:80 - ENGINE: GET http://localhost:8002/health | Body: None
2025-08-01 04:33:11.433 | INFO     | src.cognitive_engine_service:log_requests:86 - ENGINE: Response 200 for GET http://localhost:8002/health
2025-08-01 04:34:11.284 | INFO     | src.cognitive_engine_service:log_requests:80 - ENGINE: GET http://localhost:8002/health | Body: None
2025-08-01 04:34:11.284 | INFO     | src.cognitive_engine_service:log_requests:86 - ENGINE: Response 200 for GET http://localhost:8002/health
2025-08-01 04:34:44.549 | INFO     | src.cognitive_engine_service:log_requests:80 - ENGINE: GET http://localhost:8002/health | Body: None
2025-08-01 04:34:44.549 | INFO     | src.cognitive_engine_service:log_requests:86 - ENGINE: Response 200 for GET http://localhost:8002/health
2025-08-01 04:36:28.101 | INFO     | src.cognitive_engine_service:log_requests:80 - ENGINE: GET http://localhost:8002/health | Body: None
2025-08-01 04:36:28.101 | INFO     | src.cognitive_engine_service:log_requests:86 - ENGINE: Response 200 for GET http://localhost:8002/health
2025-08-01 04:36:33.122 | INFO     | src.cognitive_engine_service:log_requests:80 - ENGINE: GET http://localhost:8002/health | Body: None
2025-08-01 04:36:33.124 | INFO     | src.cognitive_engine_service:log_requests:86 - ENGINE: Response 200 for GET http://localhost:8002/health
2025-08-01 04:36:38.115 | INFO     | src.cognitive_engine_service:log_requests:80 - ENGINE: GET http://localhost:8002/health | Body: None
2025-08-01 04:36:38.117 | INFO     | src.cognitive_engine_service:log_requests:86 - ENGINE: Response 200 for GET http://localhost:8002/health
2025-08-01 04:36:43.135 | INFO     | src.cognitive_engine_service:log_requests:80 - ENGINE: GET http://localhost:8002/health | Body: None
2025-08-01 04:36:43.135 | INFO     | src.cognitive_engine_service:log_requests:86 - ENGINE: Response 200 for GET http://localhost:8002/health
2025-08-01 04:36:48.243 | INFO     | src.cognitive_engine_service:log_requests:80 - ENGINE: GET http://localhost:8002/health | Body: None
2025-08-01 04:36:48.243 | INFO     | src.cognitive_engine_service:log_requests:86 - ENGINE: Response 200 for GET http://localhost:8002/health
2025-08-01 04:36:53.120 | INFO     | src.cognitive_engine_service:log_requests:80 - ENGINE: GET http://localhost:8002/health | Body: None
2025-08-01 04:36:53.120 | INFO     | src.cognitive_engine_service:log_requests:86 - ENGINE: Response 200 for GET http://localhost:8002/health
2025-08-01 04:36:58.123 | INFO     | src.cognitive_engine_service:log_requests:80 - ENGINE: GET http://localhost:8002/health | Body: None
2025-08-01 04:36:58.123 | INFO     | src.cognitive_engine_service:log_requests:86 - ENGINE: Response 200 for GET http://localhost:8002/health
2025-08-01 04:37:03.167 | INFO     | src.cognitive_engine_service:log_requests:80 - ENGINE: GET http://localhost:8002/health | Body: None
2025-08-01 04:37:03.168 | INFO     | src.cognitive_engine_service:log_requests:86 - ENGINE: Response 200 for GET http://localhost:8002/health
2025-08-01 04:37:08.174 | INFO     | src.cognitive_engine_service:log_requests:80 - ENGINE: GET http://localhost:8002/health | Body: None
2025-08-01 04:37:08.174 | INFO     | src.cognitive_engine_service:log_requests:86 - ENGINE: Response 200 for GET http://localhost:8002/health
2025-08-01 04:37:13.263 | INFO     | src.cognitive_engine_service:log_requests:80 - ENGINE: GET http://localhost:8002/health | Body: None
2025-08-01 04:37:13.263 | INFO     | src.cognitive_engine_service:log_requests:86 - ENGINE: Response 200 for GET http://localhost:8002/health
2025-08-01 04:37:18.132 | INFO     | src.cognitive_engine_service:log_requests:80 - ENGINE: GET http://localhost:8002/health | Body: None
2025-08-01 04:37:18.132 | INFO     | src.cognitive_engine_service:log_requests:86 - ENGINE: Response 200 for GET http://localhost:8002/health
2025-08-01 04:37:23.152 | INFO     | src.cognitive_engine_service:log_requests:80 - ENGINE: GET http://localhost:8002/health | Body: None
2025-08-01 04:37:23.153 | INFO     | src.cognitive_engine_service:log_requests:86 - ENGINE: Response 200 for GET http://localhost:8002/health
2025-08-01 04:37:28.293 | INFO     | src.cognitive_engine_service:log_requests:80 - ENGINE: GET http://localhost:8002/health | Body: None
2025-08-01 04:37:28.293 | INFO     | src.cognitive_engine_service:log_requests:86 - ENGINE: Response 200 for GET http://localhost:8002/health
2025-08-01 04:37:33.145 | INFO     | src.cognitive_engine_service:log_requests:80 - ENGINE: GET http://localhost:8002/health | Body: None
2025-08-01 04:37:33.147 | INFO     | src.cognitive_engine_service:log_requests:86 - ENGINE: Response 200 for GET http://localhost:8002/health
2025-08-01 04:37:38.155 | INFO     | src.cognitive_engine_service:log_requests:80 - ENGINE: GET http://localhost:8002/health | Body: None
2025-08-01 04:37:38.157 | INFO     | src.cognitive_engine_service:log_requests:86 - ENGINE: Response 200 for GET http://localhost:8002/health
2025-08-01 04:37:43.148 | INFO     | src.cognitive_engine_service:log_requests:80 - ENGINE: GET http://localhost:8002/health | Body: None
2025-08-01 04:37:43.150 | INFO     | src.cognitive_engine_service:log_requests:86 - ENGINE: Response 200 for GET http://localhost:8002/health
2025-08-01 04:37:48.270 | INFO     | src.cognitive_engine_service:log_requests:80 - ENGINE: GET http://localhost:8002/health | Body: None
2025-08-01 04:37:48.272 | INFO     | src.cognitive_engine_service:log_requests:86 - ENGINE: Response 200 for GET http://localhost:8002/health
2025-08-01 04:37:53.260 | INFO     | src.cognitive_engine_service:log_requests:80 - ENGINE: GET http://localhost:8002/health | Body: None
2025-08-01 04:37:53.261 | INFO     | src.cognitive_engine_service:log_requests:86 - ENGINE: Response 200 for GET http://localhost:8002/health
2025-08-01 04:37:58.142 | INFO     | src.cognitive_engine_service:log_requests:80 - ENGINE: GET http://localhost:8002/health | Body: None
2025-08-01 04:37:58.144 | INFO     | src.cognitive_engine_service:log_requests:86 - ENGINE: Response 200 for GET http://localhost:8002/health
2025-08-01 04:38:03.155 | INFO     | src.cognitive_engine_service:log_requests:80 - ENGINE: GET http://localhost:8002/health | Body: None
2025-08-01 04:38:03.156 | INFO     | src.cognitive_engine_service:log_requests:86 - ENGINE: Response 200 for GET http://localhost:8002/health
2025-08-01 04:38:08.274 | INFO     | src.cognitive_engine_service:log_requests:80 - ENGINE: GET http://localhost:8002/health | Body: None
2025-08-01 04:38:08.276 | INFO     | src.cognitive_engine_service:log_requests:86 - ENGINE: Response 200 for GET http://localhost:8002/health
2025-08-01 04:38:13.264 | INFO     | src.cognitive_engine_service:log_requests:80 - ENGINE: GET http://localhost:8002/health | Body: None
2025-08-01 04:38:13.266 | INFO     | src.cognitive_engine_service:log_requests:86 - ENGINE: Response 200 for GET http://localhost:8002/health
2025-08-01 04:38:18.149 | INFO     | src.cognitive_engine_service:log_requests:80 - ENGINE: GET http://localhost:8002/health | Body: None
2025-08-01 04:38:18.152 | INFO     | src.cognitive_engine_service:log_requests:86 - ENGINE: Response 200 for GET http://localhost:8002/health
2025-08-01 04:39:11.452 | INFO     | src.cognitive_engine_service:log_requests:80 - ENGINE: GET http://localhost:8002/health | Body: None
2025-08-01 04:39:11.452 | INFO     | src.cognitive_engine_service:log_requests:86 - ENGINE: Response 200 for GET http://localhost:8002/health
2025-08-01 04:40:11.273 | INFO     | src.cognitive_engine_service:log_requests:80 - ENGINE: GET http://localhost:8002/health | Body: None
2025-08-01 04:40:11.275 | INFO     | src.cognitive_engine_service:log_requests:86 - ENGINE: Response 200 for GET http://localhost:8002/health
2025-08-01 04:40:14.496 | INFO     | src.cognitive_engine_service:log_requests:80 - ENGINE: GET http://localhost:8002/health | Body: None
2025-08-01 04:40:14.498 | INFO     | src.cognitive_engine_service:log_requests:86 - ENGINE: Response 200 for GET http://localhost:8002/health
